#
# There is insufficient memory for the Java Runtime Environment to continue.
# Native memory allocation (malloc) failed to allocate 412336 bytes for Chunk::new
# Possible reasons:
#   The system is out of physical RAM or swap space
#   The process is running with CompressedOops enabled, and the Java Heap may be blocking the growth of the native heap
# Possible solutions:
#   Reduce memory load on the system
#   Increase physical memory or swap space
#   Check if swap backing store is full
#   Decrease Java heap size (-Xmx/-Xms)
#   Decrease number of Java threads
#   Decrease Java thread stack sizes (-Xss)
#   Set larger code cache with -XX:ReservedCodeCacheSize=
#   JVM is running with Unscaled Compressed Oops mode in which the Java heap is
#     placed in the first 4GB address space. The Java Heap base address is the
#     maximum limit for the native heap growth. Please use -XX:HeapBaseMinAddress
#     to set the Java Heap base and to place the Java Heap above 4GB virtual address.
# This output file may be truncated or incomplete.
#
#  Out of Memory Error (arena.cpp:184), pid=7884, tid=844
#
# JRE version: OpenJDK Runtime Environment (19.0.2+7) (build 19.0.2+7-44)
# Java VM: OpenJDK 64-Bit Server VM (19.0.2+7-44, mixed mode, sharing, tiered, compressed oops, compressed class ptrs, g1 gc, windows-amd64)
# No core dump will be written. Minidumps are not enabled by default on client versions of Windows
#

---------------  S U M M A R Y ------------

Command Line: -javaagent:C:\Program Files\JetBrains\IntelliJ IDEA Community Edition 2022.2.1\lib\idea_rt.jar=60137:C:\Program Files\JetBrains\IntelliJ IDEA Community Edition 2022.2.1\bin -Dfile.encoding=UTF-8 -Dsun.stdout.encoding=UTF-8 -Dsun.stderr.encoding=UTF-8 co.develhope.websocket1.Websocket1Application

Host: Intel(R) Celeron(R) CPU B830 @ 1.80GHz, 2 cores, 5G,  Windows 10 , 64 bit Build 19041 (10.0.19041.2788)
Time: Sat May 13 14:26:55 2023 ora legale Europa occidentale elapsed time: 4.200347 seconds (0d 0h 0m 4s)

---------------  T H R E A D  ---------------

Current thread (0x00000155aa057a80):  JavaThread "C2 CompilerThread0" daemon [_thread_in_native, id=844, stack(0x0000001a31b00000,0x0000001a31c00000)]


Current CompileTask:
C2:   4200 2030   !   4       java.net.URL::<init> (543 bytes)

Stack: [0x0000001a31b00000,0x0000001a31c00000]
Native frames: (J=compiled Java code, j=interpreted, Vv=VM code, C=native code)
V  [jvm.dll+0x6ee21a]
V  [jvm.dll+0x85765e]
V  [jvm.dll+0x85904e]
V  [jvm.dll+0x859703]
V  [jvm.dll+0x28298f]
V  [jvm.dll+0xc9adf]
V  [jvm.dll+0xc9e65]
V  [jvm.dll+0x2f7caf]
V  [jvm.dll+0x5f076b]
V  [jvm.dll+0x255483]
V  [jvm.dll+0x24da11]
V  [jvm.dll+0x24b673]
V  [jvm.dll+0x1d6ce1]
V  [jvm.dll+0x25b25a]
V  [jvm.dll+0x2596e8]
V  [jvm.dll+0x807588]
V  [jvm.dll+0x80125a]
V  [jvm.dll+0x6ecf0b]
C  [ucrtbase.dll+0x21bb2]
C  [KERNEL32.DLL+0x17604]
C  [ntdll.dll+0x526a1]


---------------  P R O C E S S  ---------------

Threads class SMR info:
_java_thread_list=0x00000155af417820, length=15, elements={
0x000001558b952320, 0x00000155aa04f280, 0x00000155aa050210, 0x00000155aa051000,
0x00000155aa054bb0, 0x00000155aa0564f0, 0x00000155aa056e20, 0x00000155aa057a80,
0x00000155aa0c36f0, 0x00000155aa0c3e10, 0x00000155aa020c60, 0x00000155ae6d61a0,
0x00000155ae6dc700, 0x00000155aeb23020, 0x00000155aeebb750
}

Java Threads: ( => current thread )
  0x000001558b952320 JavaThread "main" [_thread_blocked, id=232, stack(0x0000001a30d00000,0x0000001a30e00000)]
  0x00000155aa04f280 JavaThread "Reference Handler" daemon [_thread_blocked, id=7188, stack(0x0000001a31500000,0x0000001a31600000)]
  0x00000155aa050210 JavaThread "Finalizer" daemon [_thread_blocked, id=7892, stack(0x0000001a31600000,0x0000001a31700000)]
  0x00000155aa051000 JavaThread "Signal Dispatcher" daemon [_thread_blocked, id=7208, stack(0x0000001a31700000,0x0000001a31800000)]
  0x00000155aa054bb0 JavaThread "Attach Listener" daemon [_thread_blocked, id=6652, stack(0x0000001a31800000,0x0000001a31900000)]
  0x00000155aa0564f0 JavaThread "Service Thread" daemon [_thread_blocked, id=5612, stack(0x0000001a31900000,0x0000001a31a00000)]
  0x00000155aa056e20 JavaThread "Monitor Deflation Thread" daemon [_thread_blocked, id=5996, stack(0x0000001a31a00000,0x0000001a31b00000)]
=>0x00000155aa057a80 JavaThread "C2 CompilerThread0" daemon [_thread_in_native, id=844, stack(0x0000001a31b00000,0x0000001a31c00000)]
  0x00000155aa0c36f0 JavaThread "C1 CompilerThread0" daemon [_thread_blocked, id=5152, stack(0x0000001a31c00000,0x0000001a31d00000)]
  0x00000155aa0c3e10 JavaThread "Sweeper thread" daemon [_thread_blocked, id=2000, stack(0x0000001a31d00000,0x0000001a31e00000)]
  0x00000155aa020c60 JavaThread "Common-Cleaner" daemon [_thread_blocked, id=2888, stack(0x0000001a31e00000,0x0000001a31f00000)]
  0x00000155ae6d61a0 JavaThread "Monitor Ctrl-Break" daemon [_thread_in_native, id=8064, stack(0x0000001a31f00000,0x0000001a32000000)]
  0x00000155ae6dc700 JavaThread "Notification Thread" daemon [_thread_blocked, id=6004, stack(0x0000001a32000000,0x0000001a32100000)]
  0x00000155aeb23020 JavaThread "Thread-0" [_thread_blocked, id=8052, stack(0x0000001a32300000,0x0000001a32400000)]
  0x00000155aeebb750 JavaThread "restartedMain" [_thread_in_Java, id=6716, stack(0x0000001a32400000,0x0000001a32500000)]

Other Threads:
  0x00000155aa035890 VMThread "VM Thread" [stack: 0x0000001a31400000,0x0000001a31500000] [id=1912]
  0x000001558b952ef0 WatcherThread "VM Periodic Task Thread" [stack: 0x0000001a32100000,0x0000001a32200000] [id=4688]
  0x000001558b99f8c0 WorkerThread "GC Thread#0" [stack: 0x0000001a30f00000,0x0000001a31000000] [id=464]
  0x00000155ae79e290 WorkerThread "GC Thread#1" [stack: 0x0000001a32200000,0x0000001a32300000] [id=7192]
  0x000001558b9ad400 ConcurrentGCThread "G1 Main Marker" [stack: 0x0000001a31000000,0x0000001a31100000] [id=540]
  0x000001558b9aff00 WorkerThread "G1 Conc#0" [stack: 0x0000001a31100000,0x0000001a31200000] [id=2564]
  0x000001558ba0f970 ConcurrentGCThread "G1 Refine#0" [stack: 0x0000001a31200000,0x0000001a31300000] [id=4268]
  0x000001558ba10560 ConcurrentGCThread "G1 Service" [stack: 0x0000001a31300000,0x0000001a31400000] [id=7712]

Threads with active compile tasks:
C2 CompilerThread0     4232 2030   !   4       java.net.URL::<init> (543 bytes)
C1 CompilerThread0     4233 2058       3       org.springframework.boot.autoconfigure.AutoConfigurationMetadataLoader$PropertiesAutoConfigurationMetadata::get (8 bytes)

VM state: not at safepoint (normal execution)

VM Mutex/Monitor currently owned by a thread: None

Heap address: 0x00000000a1a00000, size: 1510 MB, Compressed Oops mode: 32-bit

CDS archive(s) mapped at: [0x0000000800000000-0x0000000800c40000-0x0000000800c40000), size 12845056, SharedBaseAddress: 0x0000000800000000, ArchiveRelocationMode: 0.
Compressed class space mapped at: 0x0000000801000000-0x0000000841000000, reserved size: 1073741824
Narrow klass base: 0x0000000800000000, Narrow klass shift: 0, Narrow klass range: 0x100000000

GC Precious Log:
 CardTable entry size: 512
 Card Set container configuration: InlinePtr #cards 5 size 8 Array Of Cards #cards 12 size 40 Howl #buckets 4 coarsen threshold 1843 Howl Bitmap #cards 512 size 80 coarsen threshold 460 Card regions per heap region 1 cards per card region 2048
 CPUs: 2 total, 2 available
 Memory: 6033M
 Large Page Support: Disabled
 NUMA Support: Disabled
 Compressed Oops: Enabled (32-bit)
 Heap Region Size: 1M
 Heap Min Capacity: 8M
 Heap Initial Capacity: 96M
 Heap Max Capacity: 1510M
 Pre-touch: Disabled
 Parallel Workers: 2
 Concurrent Workers: 1
 Concurrent Refinement Workers: 2
 Periodic GC: Disabled

Heap:
 garbage-first heap   total 98304K, used 42897K [0x00000000a1a00000, 0x0000000100000000)
  region size 1024K, 41 young (41984K), 2 survivors (2048K)
 Metaspace       used 16007K, committed 16256K, reserved 1114112K
  class space    used 1880K, committed 1984K, reserved 1048576K

Heap Regions: E=young(eden), S=young(survivor), O=old, HS=humongous(starts), HC=humongous(continues), CS=collection set, F=free, OA=open archive, CA=closed archive, TAMS=top-at-mark-start (previous, next)
|   0|0x00000000a1a00000, 0x00000000a1b00000, 0x00000000a1b00000|100%| O|  |TAMS 0x00000000a1a00000, 0x00000000a1a00000| Untracked 
|   1|0x00000000a1b00000, 0x00000000a1c00000, 0x00000000a1c00000|100%| O|  |TAMS 0x00000000a1b00000, 0x00000000a1b00000| Untracked 
|   2|0x00000000a1c00000, 0x00000000a1d00000, 0x00000000a1d00000|100%| O|  |TAMS 0x00000000a1c00000, 0x00000000a1c00000| Untracked 
|   3|0x00000000a1d00000, 0x00000000a1d3ae00, 0x00000000a1e00000| 22%| O|  |TAMS 0x00000000a1d00000, 0x00000000a1d00000| Untracked 
|   4|0x00000000a1e00000, 0x00000000a1e00000, 0x00000000a1f00000|  0%| F|  |TAMS 0x00000000a1e00000, 0x00000000a1e00000| Untracked 
|   5|0x00000000a1f00000, 0x00000000a1f00000, 0x00000000a2000000|  0%| F|  |TAMS 0x00000000a1f00000, 0x00000000a1f00000| Untracked 
|   6|0x00000000a2000000, 0x00000000a2000000, 0x00000000a2100000|  0%| F|  |TAMS 0x00000000a2000000, 0x00000000a2000000| Untracked 
|   7|0x00000000a2100000, 0x00000000a2100000, 0x00000000a2200000|  0%| F|  |TAMS 0x00000000a2100000, 0x00000000a2100000| Untracked 
|   8|0x00000000a2200000, 0x00000000a2200000, 0x00000000a2300000|  0%| F|  |TAMS 0x00000000a2200000, 0x00000000a2200000| Untracked 
|   9|0x00000000a2300000, 0x00000000a2300000, 0x00000000a2400000|  0%| F|  |TAMS 0x00000000a2300000, 0x00000000a2300000| Untracked 
|  10|0x00000000a2400000, 0x00000000a2400000, 0x00000000a2500000|  0%| F|  |TAMS 0x00000000a2400000, 0x00000000a2400000| Untracked 
|  11|0x00000000a2500000, 0x00000000a2500000, 0x00000000a2600000|  0%| F|  |TAMS 0x00000000a2500000, 0x00000000a2500000| Untracked 
|  12|0x00000000a2600000, 0x00000000a2600000, 0x00000000a2700000|  0%| F|  |TAMS 0x00000000a2600000, 0x00000000a2600000| Untracked 
|  13|0x00000000a2700000, 0x00000000a2700000, 0x00000000a2800000|  0%| F|  |TAMS 0x00000000a2700000, 0x00000000a2700000| Untracked 
|  14|0x00000000a2800000, 0x00000000a2800000, 0x00000000a2900000|  0%| F|  |TAMS 0x00000000a2800000, 0x00000000a2800000| Untracked 
|  15|0x00000000a2900000, 0x00000000a2900000, 0x00000000a2a00000|  0%| F|  |TAMS 0x00000000a2900000, 0x00000000a2900000| Untracked 
|  16|0x00000000a2a00000, 0x00000000a2a00000, 0x00000000a2b00000|  0%| F|  |TAMS 0x00000000a2a00000, 0x00000000a2a00000| Untracked 
|  17|0x00000000a2b00000, 0x00000000a2b00000, 0x00000000a2c00000|  0%| F|  |TAMS 0x00000000a2b00000, 0x00000000a2b00000| Untracked 
|  18|0x00000000a2c00000, 0x00000000a2c00000, 0x00000000a2d00000|  0%| F|  |TAMS 0x00000000a2c00000, 0x00000000a2c00000| Untracked 
|  19|0x00000000a2d00000, 0x00000000a2d00000, 0x00000000a2e00000|  0%| F|  |TAMS 0x00000000a2d00000, 0x00000000a2d00000| Untracked 
|  20|0x00000000a2e00000, 0x00000000a2e00000, 0x00000000a2f00000|  0%| F|  |TAMS 0x00000000a2e00000, 0x00000000a2e00000| Untracked 
|  21|0x00000000a2f00000, 0x00000000a2f00000, 0x00000000a3000000|  0%| F|  |TAMS 0x00000000a2f00000, 0x00000000a2f00000| Untracked 
|  22|0x00000000a3000000, 0x00000000a3000000, 0x00000000a3100000|  0%| F|  |TAMS 0x00000000a3000000, 0x00000000a3000000| Untracked 
|  23|0x00000000a3100000, 0x00000000a3100000, 0x00000000a3200000|  0%| F|  |TAMS 0x00000000a3100000, 0x00000000a3100000| Untracked 
|  24|0x00000000a3200000, 0x00000000a3200000, 0x00000000a3300000|  0%| F|  |TAMS 0x00000000a3200000, 0x00000000a3200000| Untracked 
|  25|0x00000000a3300000, 0x00000000a3300000, 0x00000000a3400000|  0%| F|  |TAMS 0x00000000a3300000, 0x00000000a3300000| Untracked 
|  26|0x00000000a3400000, 0x00000000a3400000, 0x00000000a3500000|  0%| F|  |TAMS 0x00000000a3400000, 0x00000000a3400000| Untracked 
|  27|0x00000000a3500000, 0x00000000a3500000, 0x00000000a3600000|  0%| F|  |TAMS 0x00000000a3500000, 0x00000000a3500000| Untracked 
|  28|0x00000000a3600000, 0x00000000a3600000, 0x00000000a3700000|  0%| F|  |TAMS 0x00000000a3600000, 0x00000000a3600000| Untracked 
|  29|0x00000000a3700000, 0x00000000a3700000, 0x00000000a3800000|  0%| F|  |TAMS 0x00000000a3700000, 0x00000000a3700000| Untracked 
|  30|0x00000000a3800000, 0x00000000a3800000, 0x00000000a3900000|  0%| F|  |TAMS 0x00000000a3800000, 0x00000000a3800000| Untracked 
|  31|0x00000000a3900000, 0x00000000a3900000, 0x00000000a3a00000|  0%| F|  |TAMS 0x00000000a3900000, 0x00000000a3900000| Untracked 
|  32|0x00000000a3a00000, 0x00000000a3a00000, 0x00000000a3b00000|  0%| F|  |TAMS 0x00000000a3a00000, 0x00000000a3a00000| Untracked 
|  33|0x00000000a3b00000, 0x00000000a3b00000, 0x00000000a3c00000|  0%| F|  |TAMS 0x00000000a3b00000, 0x00000000a3b00000| Untracked 
|  34|0x00000000a3c00000, 0x00000000a3c00000, 0x00000000a3d00000|  0%| F|  |TAMS 0x00000000a3c00000, 0x00000000a3c00000| Untracked 
|  35|0x00000000a3d00000, 0x00000000a3d00000, 0x00000000a3e00000|  0%| F|  |TAMS 0x00000000a3d00000, 0x00000000a3d00000| Untracked 
|  36|0x00000000a3e00000, 0x00000000a3e00000, 0x00000000a3f00000|  0%| F|  |TAMS 0x00000000a3e00000, 0x00000000a3e00000| Untracked 
|  37|0x00000000a3f00000, 0x00000000a3f00000, 0x00000000a4000000|  0%| F|  |TAMS 0x00000000a3f00000, 0x00000000a3f00000| Untracked 
|  38|0x00000000a4000000, 0x00000000a4000000, 0x00000000a4100000|  0%| F|  |TAMS 0x00000000a4000000, 0x00000000a4000000| Untracked 
|  39|0x00000000a4100000, 0x00000000a4100000, 0x00000000a4200000|  0%| F|  |TAMS 0x00000000a4100000, 0x00000000a4100000| Untracked 
|  40|0x00000000a4200000, 0x00000000a4200000, 0x00000000a4300000|  0%| F|  |TAMS 0x00000000a4200000, 0x00000000a4200000| Untracked 
|  41|0x00000000a4300000, 0x00000000a4300000, 0x00000000a4400000|  0%| F|  |TAMS 0x00000000a4300000, 0x00000000a4300000| Untracked 
|  42|0x00000000a4400000, 0x00000000a4400000, 0x00000000a4500000|  0%| F|  |TAMS 0x00000000a4400000, 0x00000000a4400000| Untracked 
|  43|0x00000000a4500000, 0x00000000a4500000, 0x00000000a4600000|  0%| F|  |TAMS 0x00000000a4500000, 0x00000000a4500000| Untracked 
|  44|0x00000000a4600000, 0x00000000a4600000, 0x00000000a4700000|  0%| F|  |TAMS 0x00000000a4600000, 0x00000000a4600000| Untracked 
|  45|0x00000000a4700000, 0x00000000a4700000, 0x00000000a4800000|  0%| F|  |TAMS 0x00000000a4700000, 0x00000000a4700000| Untracked 
|  46|0x00000000a4800000, 0x00000000a4800000, 0x00000000a4900000|  0%| F|  |TAMS 0x00000000a4800000, 0x00000000a4800000| Untracked 
|  47|0x00000000a4900000, 0x00000000a4900000, 0x00000000a4a00000|  0%| F|  |TAMS 0x00000000a4900000, 0x00000000a4900000| Untracked 
|  48|0x00000000a4a00000, 0x00000000a4a00000, 0x00000000a4b00000|  0%| F|  |TAMS 0x00000000a4a00000, 0x00000000a4a00000| Untracked 
|  49|0x00000000a4b00000, 0x00000000a4b00000, 0x00000000a4c00000|  0%| F|  |TAMS 0x00000000a4b00000, 0x00000000a4b00000| Untracked 
|  50|0x00000000a4c00000, 0x00000000a4c00000, 0x00000000a4d00000|  0%| F|  |TAMS 0x00000000a4c00000, 0x00000000a4c00000| Untracked 
|  51|0x00000000a4d00000, 0x00000000a4d00000, 0x00000000a4e00000|  0%| F|  |TAMS 0x00000000a4d00000, 0x00000000a4d00000| Untracked 
|  52|0x00000000a4e00000, 0x00000000a4e00000, 0x00000000a4f00000|  0%| F|  |TAMS 0x00000000a4e00000, 0x00000000a4e00000| Untracked 
|  53|0x00000000a4f00000, 0x00000000a4f00000, 0x00000000a5000000|  0%| F|  |TAMS 0x00000000a4f00000, 0x00000000a4f00000| Untracked 
|  54|0x00000000a5000000, 0x00000000a5000000, 0x00000000a5100000|  0%| F|  |TAMS 0x00000000a5000000, 0x00000000a5000000| Untracked 
|  55|0x00000000a5100000, 0x00000000a51e2468, 0x00000000a5200000| 88%| E|  |TAMS 0x00000000a5100000, 0x00000000a5100000| Complete 
|  56|0x00000000a5200000, 0x00000000a5300000, 0x00000000a5300000|100%| E|  |TAMS 0x00000000a5200000, 0x00000000a5200000| Complete 
|  57|0x00000000a5300000, 0x00000000a5400000, 0x00000000a5400000|100%| E|CS|TAMS 0x00000000a5300000, 0x00000000a5300000| Complete 
|  58|0x00000000a5400000, 0x00000000a5500000, 0x00000000a5500000|100%| E|CS|TAMS 0x00000000a5400000, 0x00000000a5400000| Complete 
|  59|0x00000000a5500000, 0x00000000a5600000, 0x00000000a5600000|100%| E|CS|TAMS 0x00000000a5500000, 0x00000000a5500000| Complete 
|  60|0x00000000a5600000, 0x00000000a5700000, 0x00000000a5700000|100%| E|CS|TAMS 0x00000000a5600000, 0x00000000a5600000| Complete 
|  61|0x00000000a5700000, 0x00000000a5800000, 0x00000000a5800000|100%| E|CS|TAMS 0x00000000a5700000, 0x00000000a5700000| Complete 
|  62|0x00000000a5800000, 0x00000000a5900000, 0x00000000a5900000|100%| E|CS|TAMS 0x00000000a5800000, 0x00000000a5800000| Complete 
|  63|0x00000000a5900000, 0x00000000a5a00000, 0x00000000a5a00000|100%| E|CS|TAMS 0x00000000a5900000, 0x00000000a5900000| Complete 
|  64|0x00000000a5a00000, 0x00000000a5b00000, 0x00000000a5b00000|100%| E|CS|TAMS 0x00000000a5a00000, 0x00000000a5a00000| Complete 
|  65|0x00000000a5b00000, 0x00000000a5c00000, 0x00000000a5c00000|100%| E|CS|TAMS 0x00000000a5b00000, 0x00000000a5b00000| Complete 
|  66|0x00000000a5c00000, 0x00000000a5d00000, 0x00000000a5d00000|100%| E|CS|TAMS 0x00000000a5c00000, 0x00000000a5c00000| Complete 
|  67|0x00000000a5d00000, 0x00000000a5e00000, 0x00000000a5e00000|100%| E|CS|TAMS 0x00000000a5d00000, 0x00000000a5d00000| Complete 
|  68|0x00000000a5e00000, 0x00000000a5f00000, 0x00000000a5f00000|100%| E|CS|TAMS 0x00000000a5e00000, 0x00000000a5e00000| Complete 
|  69|0x00000000a5f00000, 0x00000000a6000000, 0x00000000a6000000|100%| E|CS|TAMS 0x00000000a5f00000, 0x00000000a5f00000| Complete 
|  70|0x00000000a6000000, 0x00000000a6100000, 0x00000000a6100000|100%| E|CS|TAMS 0x00000000a6000000, 0x00000000a6000000| Complete 
|  71|0x00000000a6100000, 0x00000000a6200000, 0x00000000a6200000|100%| E|CS|TAMS 0x00000000a6100000, 0x00000000a6100000| Complete 
|  72|0x00000000a6200000, 0x00000000a6300000, 0x00000000a6300000|100%| E|CS|TAMS 0x00000000a6200000, 0x00000000a6200000| Complete 
|  73|0x00000000a6300000, 0x00000000a6400000, 0x00000000a6400000|100%| E|CS|TAMS 0x00000000a6300000, 0x00000000a6300000| Complete 
|  74|0x00000000a6400000, 0x00000000a6500000, 0x00000000a6500000|100%| E|CS|TAMS 0x00000000a6400000, 0x00000000a6400000| Complete 
|  75|0x00000000a6500000, 0x00000000a6600000, 0x00000000a6600000|100%| E|CS|TAMS 0x00000000a6500000, 0x00000000a6500000| Complete 
|  76|0x00000000a6600000, 0x00000000a6700000, 0x00000000a6700000|100%| E|CS|TAMS 0x00000000a6600000, 0x00000000a6600000| Complete 
|  77|0x00000000a6700000, 0x00000000a6800000, 0x00000000a6800000|100%| E|CS|TAMS 0x00000000a6700000, 0x00000000a6700000| Complete 
|  78|0x00000000a6800000, 0x00000000a6900000, 0x00000000a6900000|100%| E|CS|TAMS 0x00000000a6800000, 0x00000000a6800000| Complete 
|  79|0x00000000a6900000, 0x00000000a6a00000, 0x00000000a6a00000|100%| E|CS|TAMS 0x00000000a6900000, 0x00000000a6900000| Complete 
|  80|0x00000000a6a00000, 0x00000000a6b00000, 0x00000000a6b00000|100%| E|CS|TAMS 0x00000000a6a00000, 0x00000000a6a00000| Complete 
|  81|0x00000000a6b00000, 0x00000000a6c00000, 0x00000000a6c00000|100%| E|CS|TAMS 0x00000000a6b00000, 0x00000000a6b00000| Complete 
|  82|0x00000000a6c00000, 0x00000000a6d00000, 0x00000000a6d00000|100%| E|CS|TAMS 0x00000000a6c00000, 0x00000000a6c00000| Complete 
|  83|0x00000000a6d00000, 0x00000000a6e00000, 0x00000000a6e00000|100%| E|CS|TAMS 0x00000000a6d00000, 0x00000000a6d00000| Complete 
|  84|0x00000000a6e00000, 0x00000000a6f00000, 0x00000000a6f00000|100%| E|CS|TAMS 0x00000000a6e00000, 0x00000000a6e00000| Complete 
|  85|0x00000000a6f00000, 0x00000000a6fa96b0, 0x00000000a7000000| 66%| S|CS|TAMS 0x00000000a6f00000, 0x00000000a6f00000| Complete 
|  86|0x00000000a7000000, 0x00000000a7100000, 0x00000000a7100000|100%| S|CS|TAMS 0x00000000a7000000, 0x00000000a7000000| Complete 
|  87|0x00000000a7100000, 0x00000000a7200000, 0x00000000a7200000|100%| E|CS|TAMS 0x00000000a7100000, 0x00000000a7100000| Complete 
|  88|0x00000000a7200000, 0x00000000a7300000, 0x00000000a7300000|100%| E|CS|TAMS 0x00000000a7200000, 0x00000000a7200000| Complete 
|  89|0x00000000a7300000, 0x00000000a7400000, 0x00000000a7400000|100%| E|CS|TAMS 0x00000000a7300000, 0x00000000a7300000| Complete 
|  90|0x00000000a7400000, 0x00000000a7500000, 0x00000000a7500000|100%| E|CS|TAMS 0x00000000a7400000, 0x00000000a7400000| Complete 
|  91|0x00000000a7500000, 0x00000000a7600000, 0x00000000a7600000|100%| E|CS|TAMS 0x00000000a7500000, 0x00000000a7500000| Complete 
|  92|0x00000000a7600000, 0x00000000a7700000, 0x00000000a7700000|100%| E|CS|TAMS 0x00000000a7600000, 0x00000000a7600000| Complete 
|  93|0x00000000a7700000, 0x00000000a7800000, 0x00000000a7800000|100%| E|CS|TAMS 0x00000000a7700000, 0x00000000a7700000| Complete 
|  94|0x00000000a7800000, 0x00000000a7900000, 0x00000000a7900000|100%| E|CS|TAMS 0x00000000a7800000, 0x00000000a7800000| Complete 
|  95|0x00000000a7900000, 0x00000000a7a00000, 0x00000000a7a00000|100%| E|CS|TAMS 0x00000000a7900000, 0x00000000a7900000| Complete 

Card table byte_map: [0x00000155a47a0000,0x00000155a4aa0000] _byte_map_base: 0x00000155a4293000

Marking Bits (Prev, Next): (CMBitMap*) 0x000001558b9a0e10, (CMBitMap*) 0x000001558b9a0e50
 Prev Bits: [0x00000155a4da0000, 0x00000155a6538000)
 Next Bits: [0x00000155a6540000, 0x00000155a7cd8000)

Polling page: 0x000001558b760000

Metaspace:

Usage:
  Non-class:     13.80 MB used.
      Class:      1.84 MB used.
       Both:     15.64 MB used.

Virtual space:
  Non-class space:       64.00 MB reserved,      13.94 MB ( 22%) committed,  1 nodes.
      Class space:        1.00 GB reserved,       1.94 MB ( <1%) committed,  1 nodes.
             Both:        1.06 GB reserved,      15.88 MB (  1%) committed. 

Chunk freelists:
   Non-Class:  1.51 MB
       Class:  2.02 MB
        Both:  3.53 MB

MaxMetaspaceSize: unlimited
CompressedClassSpaceSize: 1.00 GB
Initial GC threshold: 21.00 MB
Current GC threshold: 21.00 MB
CDS: on
MetaspaceReclaimPolicy: balanced
 - commit_granule_bytes: 65536.
 - commit_granule_words: 8192.
 - virtual_space_node_default_size: 8388608.
 - enlarge_chunks_in_place: 1.
 - new_chunks_are_fully_committed: 0.
 - uncommit_free_chunks: 1.
 - use_allocation_guard: 0.


Internal statistics:

num_allocs_failed_limit: 0.
num_arena_births: 228.
num_arena_deaths: 0.
num_vsnodes_births: 2.
num_vsnodes_deaths: 0.
num_space_committed: 254.
num_space_uncommitted: 0.
num_chunks_returned_to_freelist: 0.
num_chunks_taken_from_freelist: 743.
num_chunk_merges: 0.
num_chunk_splits: 498.
num_chunks_enlarged: 392.
num_inconsistent_stats: 0.

CodeHeap 'non-profiled nmethods': size=120064Kb used=758Kb max_used=758Kb free=119305Kb
 bounds [0x000001559cb60000, 0x000001559cdd0000, 0x00000155a40a0000]
CodeHeap 'profiled nmethods': size=120000Kb used=3855Kb max_used=3855Kb free=116144Kb
 bounds [0x00000155950a0000, 0x0000015595470000, 0x000001559c5d0000]
CodeHeap 'non-nmethods': size=5696Kb used=1275Kb max_used=1292Kb free=4420Kb
 bounds [0x000001559c5d0000, 0x000001559c840000, 0x000001559cb60000]
 total_blobs=2548 nmethods=2057 adapters=401
 compilation: enabled
              stopped_count=0, restarted_count=0
 full_count=0

Compilation events (20 events):
Event: 4.172 Thread 0x00000155aa0c36f0 2035       3       java.util.HashSet::<init> (18 bytes)
Event: 4.172 Thread 0x00000155aa0c36f0 nmethod 2035 0x0000015595456590 code [0x0000015595456760, 0x0000015595456ae8]
Event: 4.173 Thread 0x00000155aa0c36f0 2036       3       java.util.TreeMap::leftOf (13 bytes)
Event: 4.173 Thread 0x00000155aa0c36f0 nmethod 2036 0x0000015595456c90 code [0x0000015595456e40, 0x0000015595456fb8]
Event: 4.174 Thread 0x00000155aa0c36f0 2037       3       org.apache.commons.logging.LogAdapter$Slf4jLog::isTraceEnabled (10 bytes)
Event: 4.174 Thread 0x00000155aa0c36f0 nmethod 2037 0x0000015595457090 code [0x0000015595457240, 0x0000015595457448]
Event: 4.175 Thread 0x00000155aa0c36f0 2038       3       java.util.LinkedHashSet::<init> (10 bytes)
Event: 4.175 Thread 0x00000155aa0c36f0 nmethod 2038 0x0000015595457590 code [0x0000015595457760, 0x00000155954578a8]
Event: 4.175 Thread 0x00000155aa0c36f0 2039       3       java.util.HashMap::removeNode (291 bytes)
Event: 4.177 Thread 0x00000155aa0c36f0 nmethod 2039 0x0000015595457990 code [0x0000015595457c20, 0x0000015595458f58]
Event: 4.178 Thread 0x00000155aa0c36f0 2040   !   3       java.lang.Class::getTypeName (46 bytes)
Event: 4.180 Thread 0x00000155aa0c36f0 nmethod 2040 0x0000015595459410 code [0x0000015595459800, 0x000001559545b128]
Event: 4.193 Thread 0x00000155aa0c36f0 2041       3       java.lang.invoke.MethodHandle::bindTo (19 bytes)
Event: 4.193 Thread 0x00000155aa0c36f0 nmethod 2041 0x000001559545bd10 code [0x000001559545bf20, 0x000001559545c558]
Event: 4.193 Thread 0x00000155aa0c36f0 2042       3       java.lang.invoke.MethodType::leadingReferenceParameter (30 bytes)
Event: 4.194 Thread 0x00000155aa0c36f0 nmethod 2042 0x000001559545c790 code [0x000001559545c960, 0x000001559545cc68]
Event: 4.194 Thread 0x00000155aa0c36f0 2043       3       java.lang.invoke.MethodHandle::bindArgumentL (10 bytes)
Event: 4.194 Thread 0x00000155aa0c36f0 nmethod 2043 0x000001559545ce10 code [0x000001559545d020, 0x000001559545d6a8]
Event: 4.195 Thread 0x00000155aa0c36f0 2044       3       java.lang.invoke.LambdaFormEditor$TransformKey::of (49 bytes)
Event: 4.196 Thread 0x00000155aa0c36f0 nmethod 2044 0x000001559545d910 code [0x000001559545db00, 0x000001559545e048]

GC Heap History (6 events):
Event: 0.746 GC heap before
{Heap before GC invocations=0 (full 0):
 garbage-first heap   total 98304K, used 5120K [0x00000000a1a00000, 0x0000000100000000)
  region size 1024K, 6 young (6144K), 0 survivors (0K)
 Metaspace       used 2138K, committed 2304K, reserved 1114112K
  class space    used 182K, committed 256K, reserved 1048576K
}
Event: 0.798 GC heap after
{Heap after GC invocations=1 (full 0):
 garbage-first heap   total 98304K, used 2817K [0x00000000a1a00000, 0x0000000100000000)
  region size 1024K, 1 young (1024K), 1 survivors (1024K)
 Metaspace       used 2138K, committed 2304K, reserved 1114112K
  class space    used 182K, committed 256K, reserved 1048576K
}
Event: 1.194 GC heap before
{Heap before GC invocations=1 (full 0):
 garbage-first heap   total 98304K, used 6913K [0x00000000a1a00000, 0x0000000100000000)
  region size 1024K, 5 young (5120K), 1 survivors (1024K)
 Metaspace       used 3207K, committed 3328K, reserved 1114112K
  class space    used 290K, committed 384K, reserved 1048576K
}
Event: 1.202 GC heap after
{Heap after GC invocations=2 (full 0):
 garbage-first heap   total 98304K, used 4331K [0x00000000a1a00000, 0x0000000100000000)
  region size 1024K, 1 young (1024K), 1 survivors (1024K)
 Metaspace       used 3207K, committed 3328K, reserved 1114112K
  class space    used 290K, committed 384K, reserved 1048576K
}
Event: 2.146 GC heap before
{Heap before GC invocations=2 (full 0):
 garbage-first heap   total 98304K, used 12523K [0x00000000a1a00000, 0x0000000100000000)
  region size 1024K, 9 young (9216K), 1 survivors (1024K)
 Metaspace       used 5767K, committed 5952K, reserved 1114112K
  class space    used 617K, committed 704K, reserved 1048576K
}
Event: 2.151 GC heap after
{Heap after GC invocations=3 (full 0):
 garbage-first heap   total 98304K, used 5009K [0x00000000a1a00000, 0x0000000100000000)
  region size 1024K, 2 young (2048K), 2 survivors (2048K)
 Metaspace       used 5767K, committed 5952K, reserved 1114112K
  class space    used 617K, committed 704K, reserved 1048576K
}

Dll operation events (13 events):
Event: 0.018 Loaded shared library C:\Users\Utente-PC\.jdks\openjdk-19.0.2\bin\java.dll
Event: 0.044 Loaded shared library C:\Users\Utente-PC\.jdks\openjdk-19.0.2\bin\jsvml.dll
Event: 0.320 Loaded shared library C:\Users\Utente-PC\.jdks\openjdk-19.0.2\bin\zip.dll
Event: 0.324 Loaded shared library C:\Users\Utente-PC\.jdks\openjdk-19.0.2\bin\instrument.dll
Event: 0.336 Loaded shared library C:\Users\Utente-PC\.jdks\openjdk-19.0.2\bin\net.dll
Event: 0.339 Loaded shared library C:\Users\Utente-PC\.jdks\openjdk-19.0.2\bin\nio.dll
Event: 0.344 Loaded shared library C:\Users\Utente-PC\.jdks\openjdk-19.0.2\bin\zip.dll
Event: 0.458 Loaded shared library C:\Program Files\JetBrains\IntelliJ IDEA Community Edition 2022.2.1\bin\breakgen64.dll
Event: 0.487 Loaded shared library C:\Users\Utente-PC\.jdks\openjdk-19.0.2\bin\extnet.dll
Event: 0.532 Loaded shared library C:\Users\Utente-PC\.jdks\openjdk-19.0.2\bin\verify.dll
Event: 0.542 Loaded shared library C:\Users\Utente-PC\.jdks\openjdk-19.0.2\bin\jimage.dll
Event: 1.548 Loaded shared library C:\Users\Utente-PC\.jdks\openjdk-19.0.2\bin\management.dll
Event: 1.552 Loaded shared library C:\Users\Utente-PC\.jdks\openjdk-19.0.2\bin\management_ext.dll

Deoptimization events (20 events):
Event: 4.045 Thread 0x00000155aeebb750 DEOPT PACKING pc=0x000001559544dede sp=0x0000001a324fe0e0
Event: 4.045 Thread 0x00000155aeebb750 DEOPT UNPACKING pc=0x000001559c637524 sp=0x0000001a324fd5c8 mode 0
Event: 4.045 Thread 0x00000155aeebb750 DEOPT PACKING pc=0x000001559529e351 sp=0x0000001a324fe0d0
Event: 4.045 Thread 0x00000155aeebb750 DEOPT UNPACKING pc=0x000001559c637524 sp=0x0000001a324fd5c0 mode 0
Event: 4.046 Thread 0x00000155aeebb750 DEOPT PACKING pc=0x000001559544dede sp=0x0000001a324fe0e0
Event: 4.046 Thread 0x00000155aeebb750 DEOPT UNPACKING pc=0x000001559c637524 sp=0x0000001a324fd5c8 mode 0
Event: 4.046 Thread 0x00000155aeebb750 DEOPT PACKING pc=0x000001559529e351 sp=0x0000001a324fe0d0
Event: 4.046 Thread 0x00000155aeebb750 DEOPT UNPACKING pc=0x000001559c637524 sp=0x0000001a324fd5c0 mode 0
Event: 4.046 Thread 0x00000155aeebb750 DEOPT PACKING pc=0x000001559544dede sp=0x0000001a324fe0e0
Event: 4.046 Thread 0x00000155aeebb750 DEOPT UNPACKING pc=0x000001559c637524 sp=0x0000001a324fd5c8 mode 0
Event: 4.047 Thread 0x00000155aeebb750 DEOPT PACKING pc=0x000001559529e351 sp=0x0000001a324fe0d0
Event: 4.047 Thread 0x00000155aeebb750 DEOPT UNPACKING pc=0x000001559c637524 sp=0x0000001a324fd5c0 mode 0
Event: 4.047 Thread 0x00000155aeebb750 DEOPT PACKING pc=0x000001559544dede sp=0x0000001a324fe0e0
Event: 4.047 Thread 0x00000155aeebb750 DEOPT UNPACKING pc=0x000001559c637524 sp=0x0000001a324fd5c8 mode 0
Event: 4.047 Thread 0x00000155aeebb750 DEOPT PACKING pc=0x000001559529e351 sp=0x0000001a324fe0d0
Event: 4.047 Thread 0x00000155aeebb750 DEOPT UNPACKING pc=0x000001559c637524 sp=0x0000001a324fd5c0 mode 0
Event: 4.048 Thread 0x00000155aeebb750 DEOPT PACKING pc=0x000001559544dede sp=0x0000001a324fe0e0
Event: 4.048 Thread 0x00000155aeebb750 DEOPT UNPACKING pc=0x000001559c637524 sp=0x0000001a324fd5c8 mode 0
Event: 4.048 Thread 0x00000155aeebb750 DEOPT PACKING pc=0x000001559529e351 sp=0x0000001a324fe0d0
Event: 4.048 Thread 0x00000155aeebb750 DEOPT UNPACKING pc=0x000001559c637524 sp=0x0000001a324fd5c0 mode 0

Classes loaded (20 events):
Event: 3.834 Loading class java/net/SocketException
Event: 3.834 Loading class java/net/SocketException done
Event: 3.863 Loading class java/util/regex/Pattern$Pos
Event: 3.864 Loading class java/util/regex/Pattern$Pos done
Event: 3.872 Loading class java/util/StringTokenizer
Event: 3.872 Loading class java/util/StringTokenizer done
Event: 3.875 Loading class java/util/regex/Pattern$LazyLoop
Event: 3.875 Loading class java/util/regex/Pattern$Loop
Event: 3.875 Loading class java/util/regex/Pattern$Loop done
Event: 3.875 Loading class java/util/regex/Pattern$LazyLoop done
Event: 3.875 Loading class java/util/regex/Pattern$Prolog
Event: 3.875 Loading class java/util/regex/Pattern$Prolog done
Event: 3.892 Loading class java/lang/AssertionError
Event: 3.892 Loading class java/lang/AssertionError done
Event: 3.976 Loading class java/lang/Deprecated
Event: 3.976 Loading class java/lang/Deprecated done
Event: 4.116 Loading class javax/naming/ldap/LdapContext
Event: 4.116 Loading class javax/naming/directory/DirContext
Event: 4.116 Loading class javax/naming/directory/DirContext done
Event: 4.116 Loading class javax/naming/ldap/LdapContext done

Classes unloaded (0 events):
No events

Classes redefined (0 events):
No events

Internal exceptions (20 events):
Event: 3.791 Thread 0x00000155aeebb750 Exception <a 'java/lang/ClassNotFoundException'{0x00000000a5a54f98}: org/springframework/beans/factory/support/BeanDefinitionRegistryPostProcessorCustomizer> (0x00000000a5a54f98) 
thrown [s\open\src\hotspot\share\classfile\systemDictionary.cpp, line 255]
Event: 3.792 Thread 0x00000155aeebb750 Exception <a 'java/lang/ClassNotFoundException'{0x00000000a5a59700}: org/springframework/beans/factory/config/BeanFactoryPostProcessorCustomizer> (0x00000000a5a59700) 
thrown [s\open\src\hotspot\share\classfile\systemDictionary.cpp, line 255]
Event: 3.797 Thread 0x00000155aeebb750 Exception <a 'java/lang/ClassNotFoundException'{0x00000000a5a5dac0}: org/springframework/core/PriorityOrderedCustomizer> (0x00000000a5a5dac0) 
thrown [s\open\src\hotspot\share\classfile\systemDictionary.cpp, line 255]
Event: 3.798 Thread 0x00000155aeebb750 Exception <a 'java/lang/ClassNotFoundException'{0x00000000a5a94ce8}: org/springframework/core/OrderedCustomizer> (0x00000000a5a94ce8) 
thrown [s\open\src\hotspot\share\classfile\systemDictionary.cpp, line 255]
Event: 3.799 Thread 0x00000155aeebb750 Exception <a 'java/lang/ClassNotFoundException'{0x00000000a5a98ed8}: org/springframework/context/ResourceLoaderAwareCustomizer> (0x00000000a5a98ed8) 
thrown [s\open\src\hotspot\share\classfile\systemDictionary.cpp, line 255]
Event: 3.801 Thread 0x00000155aeebb750 Exception <a 'java/lang/ClassNotFoundException'{0x00000000a5a9d548}: org/springframework/beans/factory/AwareCustomizer> (0x00000000a5a9d548) 
thrown [s\open\src\hotspot\share\classfile\systemDictionary.cpp, line 255]
Event: 3.802 Thread 0x00000155aeebb750 Exception <a 'java/lang/ClassNotFoundException'{0x00000000a5aa08c0}: org/springframework/context/ApplicationStartupAwareCustomizer> (0x00000000a5aa08c0) 
thrown [s\open\src\hotspot\share\classfile\systemDictionary.cpp, line 255]
Event: 3.804 Thread 0x00000155aeebb750 Exception <a 'java/lang/ClassNotFoundException'{0x00000000a5aa4ed0}: org/springframework/beans/factory/AwareCustomizer> (0x00000000a5aa4ed0) 
thrown [s\open\src\hotspot\share\classfile\systemDictionary.cpp, line 255]
Event: 3.805 Thread 0x00000155aeebb750 Exception <a 'java/lang/ClassNotFoundException'{0x00000000a5aa8458}: org/springframework/beans/factory/BeanClassLoaderAwareCustomizer> (0x00000000a5aa8458) 
thrown [s\open\src\hotspot\share\classfile\systemDictionary.cpp, line 255]
Event: 3.807 Thread 0x00000155aeebb750 Exception <a 'java/lang/ClassNotFoundException'{0x00000000a5aad660}: org/springframework/beans/factory/AwareCustomizer> (0x00000000a5aad660) 
thrown [s\open\src\hotspot\share\classfile\systemDictionary.cpp, line 255]
Event: 3.808 Thread 0x00000155aeebb750 Exception <a 'java/lang/ClassNotFoundException'{0x00000000a5ae45b0}: org/springframework/context/EnvironmentAwareCustomizer> (0x00000000a5ae45b0) 
thrown [s\open\src\hotspot\share\classfile\systemDictionary.cpp, line 255]
Event: 3.809 Thread 0x00000155aeebb750 Exception <a 'java/lang/ClassNotFoundException'{0x00000000a5ae88b8}: org/springframework/beans/factory/AwareCustomizer> (0x00000000a5ae88b8) 
thrown [s\open\src\hotspot\share\classfile\systemDictionary.cpp, line 255]
Event: 3.861 Thread 0x00000155aeebb750 Exception <a 'java/lang/NoSuchMethodError'{0x00000000a58f29c0}: 'java.lang.Object java.lang.invoke.DirectMethodHandle$Holder.invokeVirtual(java.lang.Object, java.lang.Object, java.lang.Object)'> (0x00000000a58f29c0) 
thrown [s\open\src\hotspot\share\interpreter\linkResolver.cpp, line 774]
Event: 3.883 Thread 0x00000155aeffa700 Exception <a 'java/lang/NoSuchMethodError'{0x00000000a5766b40}: 'long java.lang.invoke.DirectMethodHandle$Holder.invokeSpecial(java.lang.Object, java.lang.Object)'> (0x00000000a5766b40) 
thrown [s\open\src\hotspot\share\interpreter\linkResolver.cpp, line 774]
Event: 3.886 Thread 0x00000155aeffa700 Exception <a 'java/lang/NoSuchMethodError'{0x00000000a5771dd8}: 'long java.lang.invoke.DirectMethodHandle$Holder.invokeStatic(java.lang.Object, java.lang.Object)'> (0x00000000a5771dd8) 
thrown [s\open\src\hotspot\share\interpreter\linkResolver.cpp, line 774]
Event: 3.886 Thread 0x00000155aeffa700 Exception <a 'java/lang/NoSuchMethodError'{0x00000000a57753e0}: 'long java.lang.invoke.DirectMethodHandle$Holder.invokeStaticInit(java.lang.Object, java.lang.Object)'> (0x00000000a57753e0) 
thrown [s\open\src\hotspot\share\interpreter\linkResolver.cpp, line 774]
Event: 3.894 Thread 0x00000155aeffa700 Exception <a 'java/lang/NoSuchMethodError'{0x00000000a579c2a8}: 'long java.lang.invoke.DirectMethodHandle$Holder.invokeInterface(java.lang.Object, java.lang.Object)'> (0x00000000a579c2a8) 
thrown [s\open\src\hotspot\share\interpreter\linkResolver.cpp, line 774]
Event: 3.895 Thread 0x00000155aeffa700 Exception <a 'java/lang/IncompatibleClassChangeError'{0x00000000a579f840}: Found class java.lang.Object, but interface was expected> (0x00000000a579f840) 
thrown [s\open\src\hotspot\share\interpreter\linkResolver.cpp, line 841]
Event: 3.916 Thread 0x00000155aeffa700 Exception <a 'java/lang/NoSuchMethodError'{0x00000000a5670f70}: 'java.lang.Object java.lang.invoke.DirectMethodHandle$Holder.invokeVirtual(java.lang.Object, java.lang.Object, java.lang.Object, java.lang.Object)'> (0x00000000a5670f70) 
thrown [s\open\src\hotspot\share\interpreter\linkResolver.cpp, line 774]
Event: 4.195 Thread 0x00000155aeebb750 Exception <a 'java/lang/IncompatibleClassChangeError'{0x00000000a5120c78}: Found class java.lang.Object, but interface was expected> (0x00000000a5120c78) 
thrown [s\open\src\hotspot\share\interpreter\linkResolver.cpp, line 841]

VM Operations (20 events):
Event: 2.093 Executing VM operation: HandshakeAllThreads
Event: 2.093 Executing VM operation: HandshakeAllThreads done
Event: 2.145 Executing VM operation: G1CollectForAllocation
Event: 2.152 Executing VM operation: G1CollectForAllocation done
Event: 2.562 Executing VM operation: HandshakeAllThreads
Event: 2.562 Executing VM operation: HandshakeAllThreads done
Event: 2.648 Executing VM operation: HandshakeAllThreads
Event: 2.648 Executing VM operation: HandshakeAllThreads done
Event: 2.947 Executing VM operation: HandshakeAllThreads
Event: 2.947 Executing VM operation: HandshakeAllThreads done
Event: 2.947 Executing VM operation: HandshakeAllThreads
Event: 2.947 Executing VM operation: HandshakeAllThreads done
Event: 3.316 Executing VM operation: ICBufferFull
Event: 3.316 Executing VM operation: ICBufferFull done
Event: 3.632 Executing VM operation: HandshakeAllThreads
Event: 3.632 Executing VM operation: HandshakeAllThreads done
Event: 3.720 Executing VM operation: HandshakeAllThreads
Event: 3.720 Executing VM operation: HandshakeAllThreads done
Event: 3.841 Executing VM operation: HandshakeAllThreads
Event: 3.841 Executing VM operation: HandshakeAllThreads done

Events (19 events):
Event: 0.045 Thread 0x000001558b952320 Thread added: 0x000001558b952320
Event: 0.096 Thread 0x00000155aa04f280 Thread added: 0x00000155aa04f280
Event: 0.096 Thread 0x00000155aa050210 Thread added: 0x00000155aa050210
Event: 0.097 Thread 0x00000155aa051000 Thread added: 0x00000155aa051000
Event: 0.097 Thread 0x00000155aa054bb0 Thread added: 0x00000155aa054bb0
Event: 0.097 Thread 0x00000155aa0564f0 Thread added: 0x00000155aa0564f0
Event: 0.097 Thread 0x00000155aa056e20 Thread added: 0x00000155aa056e20
Event: 0.098 Thread 0x00000155aa057a80 Thread added: 0x00000155aa057a80
Event: 0.107 Thread 0x00000155aa0c36f0 Thread added: 0x00000155aa0c36f0
Event: 0.108 Thread 0x00000155aa0c3e10 Thread added: 0x00000155aa0c3e10
Event: 0.239 Thread 0x00000155aa020c60 Thread added: 0x00000155aa020c60
Event: 0.459 Thread 0x00000155ae6d61a0 Thread added: 0x00000155ae6d61a0
Event: 0.459 Thread 0x00000155ae6dc700 Thread added: 0x00000155ae6dc700
Event: 1.617 Thread 0x00000155aeb23020 Thread added: 0x00000155aeb23020
Event: 1.635 Thread 0x00000155aeebb750 Thread added: 0x00000155aeebb750
Event: 2.890 Thread 0x00000155aeffa700 Thread added: 0x00000155aeffa700
Event: 3.922 Thread 0x00000155aeffa700 Thread exited: 0x00000155aeffa700
Event: 4.055 Thread 0x00000155af429040 Thread added: 0x00000155af429040
Event: 4.168 Thread 0x00000155af429040 Thread exited: 0x00000155af429040


Dynamic libraries:
0x00007ff642160000 - 0x00007ff64216e000 	C:\Users\Utente-PC\.jdks\openjdk-19.0.2\bin\java.exe
0x00007ffad0570000 - 0x00007ffad0768000 	C:\Windows\SYSTEM32\ntdll.dll
0x00007fface9e0000 - 0x00007ffacea9f000 	C:\Windows\System32\KERNEL32.DLL
0x00007ffacdcf0000 - 0x00007ffacdfca000 	C:\Windows\System32\KERNELBASE.dll
0x00007fface420000 - 0x00007fface520000 	C:\Windows\System32\ucrtbase.dll
0x00007ffabdee0000 - 0x00007ffabdef7000 	C:\Users\Utente-PC\.jdks\openjdk-19.0.2\bin\jli.dll
0x00007ffad0020000 - 0x00007ffad01bd000 	C:\Windows\System32\USER32.dll
0x00007fface3a0000 - 0x00007fface3c2000 	C:\Windows\System32\win32u.dll
0x00007ffacf4e0000 - 0x00007ffacf50b000 	C:\Windows\System32\GDI32.dll
0x00007fface160000 - 0x00007fface270000 	C:\Windows\System32\gdi32full.dll
0x00007fface300000 - 0x00007fface39d000 	C:\Windows\System32\msvcp_win.dll
0x00007ffabdec0000 - 0x00007ffabdedb000 	C:\Users\Utente-PC\.jdks\openjdk-19.0.2\bin\VCRUNTIME140.dll
0x00007ffabada0000 - 0x00007ffabb03a000 	C:\Windows\WinSxS\amd64_microsoft.windows.common-controls_6595b64144ccf1df_6.0.19041.1110_none_60b5254171f9507e\COMCTL32.dll
0x00007ffad0300000 - 0x00007ffad039e000 	C:\Windows\System32\msvcrt.dll
0x00007ffacf570000 - 0x00007ffacf5a0000 	C:\Windows\System32\IMM32.DLL
0x00007ffac7c00000 - 0x00007ffac7c0c000 	C:\Users\Utente-PC\.jdks\openjdk-19.0.2\bin\vcruntime140_1.dll
0x00007ffab7fe0000 - 0x00007ffab806e000 	C:\Users\Utente-PC\.jdks\openjdk-19.0.2\bin\msvcp140.dll
0x00007ffa98b00000 - 0x00007ffa997c0000 	C:\Users\Utente-PC\.jdks\openjdk-19.0.2\bin\server\jvm.dll
0x00007ffad03a0000 - 0x00007ffad044e000 	C:\Windows\System32\ADVAPI32.dll
0x00007ffacf5a0000 - 0x00007ffacf63c000 	C:\Windows\System32\sechost.dll
0x00007ffacfee0000 - 0x00007ffad0006000 	C:\Windows\System32\RPCRT4.dll
0x00007ffac9100000 - 0x00007ffac9109000 	C:\Windows\SYSTEM32\WSOCK32.dll
0x00007ffacf950000 - 0x00007ffacf9bb000 	C:\Windows\System32\WS2_32.dll
0x00007ffabeb20000 - 0x00007ffabeb47000 	C:\Windows\SYSTEM32\WINMM.dll
0x00007ffabed90000 - 0x00007ffabed9a000 	C:\Windows\SYSTEM32\VERSION.dll
0x00007ffacc4d0000 - 0x00007ffacc4e2000 	C:\Windows\SYSTEM32\kernel.appcore.dll
0x00007ffabdbc0000 - 0x00007ffabdbca000 	C:\Users\Utente-PC\.jdks\openjdk-19.0.2\bin\jimage.dll
0x00007ffabcf40000 - 0x00007ffabd124000 	C:\Windows\SYSTEM32\DBGHELP.DLL
0x00007ffabc320000 - 0x00007ffabc354000 	C:\Windows\SYSTEM32\dbgcore.DLL
0x00007fface270000 - 0x00007fface2f2000 	C:\Windows\System32\bcryptPrimitives.dll
0x00007ffac95e0000 - 0x00007ffac95ee000 	C:\Users\Utente-PC\.jdks\openjdk-19.0.2\bin\instrument.dll
0x00007ffab8f90000 - 0x00007ffab8fb6000 	C:\Users\Utente-PC\.jdks\openjdk-19.0.2\bin\java.dll
0x00007ffaae270000 - 0x00007ffaae347000 	C:\Users\Utente-PC\.jdks\openjdk-19.0.2\bin\jsvml.dll
0x00007ffaced90000 - 0x00007ffacf4d4000 	C:\Windows\System32\SHELL32.dll
0x00007ffacbcf0000 - 0x00007ffacc483000 	C:\Windows\SYSTEM32\windows.storage.dll
0x00007fface670000 - 0x00007fface9c4000 	C:\Windows\System32\combase.dll
0x00007ffacd600000 - 0x00007ffacd62e000 	C:\Windows\SYSTEM32\Wldp.dll
0x00007ffacf9c0000 - 0x00007ffacfa6d000 	C:\Windows\System32\SHCORE.dll
0x00007ffaced30000 - 0x00007ffaced85000 	C:\Windows\System32\shlwapi.dll
0x00007ffacdbc0000 - 0x00007ffacdbdf000 	C:\Windows\SYSTEM32\profapi.dll
0x00007ffab7e50000 - 0x00007ffab7e68000 	C:\Users\Utente-PC\.jdks\openjdk-19.0.2\bin\zip.dll
0x00007ffabb6d0000 - 0x00007ffabb6e3000 	C:\Users\Utente-PC\.jdks\openjdk-19.0.2\bin\net.dll
0x00007ffac4af0000 - 0x00007ffac4bfa000 	C:\Windows\SYSTEM32\WINHTTP.dll
0x00007ffacd360000 - 0x00007ffacd3ca000 	C:\Windows\system32\mswsock.dll
0x00007ffab87e0000 - 0x00007ffab87f6000 	C:\Users\Utente-PC\.jdks\openjdk-19.0.2\bin\nio.dll
0x00007ffac7c10000 - 0x00007ffac7c2a000 	C:\Program Files\JetBrains\IntelliJ IDEA Community Edition 2022.2.1\bin\breakgen64.dll
0x00007ffabd230000 - 0x00007ffabd238000 	C:\Users\Utente-PC\.jdks\openjdk-19.0.2\bin\extnet.dll
0x00007ffabd200000 - 0x00007ffabd210000 	C:\Users\Utente-PC\.jdks\openjdk-19.0.2\bin\verify.dll
0x00007ffac81b0000 - 0x00007ffac81ba000 	C:\Users\Utente-PC\.jdks\openjdk-19.0.2\bin\management.dll
0x00007ffac6ae0000 - 0x00007ffac6aeb000 	C:\Users\Utente-PC\.jdks\openjdk-19.0.2\bin\management_ext.dll
0x00007ffad0010000 - 0x00007ffad0018000 	C:\Windows\System32\PSAPI.DLL
0x00007ffabcdc0000 - 0x00007ffabcdd7000 	C:\Windows\system32\napinsp.dll
0x00007ffabcda0000 - 0x00007ffabcdbb000 	C:\Windows\system32\pnrpnsp.dll
0x00007ffac31a0000 - 0x00007ffac31b5000 	C:\Windows\system32\wshbth.dll
0x00007ffac95b0000 - 0x00007ffac95cd000 	C:\Windows\system32\NLAapi.dll
0x00007ffacd050000 - 0x00007ffacd08c000 	C:\Windows\SYSTEM32\IPHLPAPI.DLL
0x00007ffacd090000 - 0x00007ffacd15b000 	C:\Windows\SYSTEM32\DNSAPI.dll
0x00007fface9d0000 - 0x00007fface9d8000 	C:\Windows\System32\NSI.dll
0x00007ffabcd80000 - 0x00007ffabcd92000 	C:\Windows\System32\winrnr.dll
0x00007ffac1fe0000 - 0x00007ffac1fea000 	C:\Windows\System32\rasadhlp.dll
0x00007ffac3cf0000 - 0x00007ffac3d70000 	C:\Windows\System32\fwpuclnt.dll
0x00007fface130000 - 0x00007fface157000 	C:\Windows\System32\bcrypt.dll

dbghelp: loaded successfully - version: 4.0.5 - missing functions: none
symbol engine: initialized successfully - sym options: 0x614 - pdb path: .;C:\Users\Utente-PC\.jdks\openjdk-19.0.2\bin;C:\Windows\SYSTEM32;C:\Windows\WinSxS\amd64_microsoft.windows.common-controls_6595b64144ccf1df_6.0.19041.1110_none_60b5254171f9507e;C:\Users\Utente-PC\.jdks\openjdk-19.0.2\bin\server;C:\Program Files\JetBrains\IntelliJ IDEA Community Edition 2022.2.1\bin

VM Arguments:
jvm_args: -javaagent:C:\Program Files\JetBrains\IntelliJ IDEA Community Edition 2022.2.1\lib\idea_rt.jar=60137:C:\Program Files\JetBrains\IntelliJ IDEA Community Edition 2022.2.1\bin -Dfile.encoding=UTF-8 -Dsun.stdout.encoding=UTF-8 -Dsun.stderr.encoding=UTF-8 
java_command: co.develhope.websocket1.Websocket1Application
java_class_path (initial): C:\Users\Utente-PC\Documents\Develhope\websocket-1\websocket-1\target\classes;C:\Users\Utente-PC\.m2\repository\org\springframework\boot\spring-boot-starter-web\2.6.6\spring-boot-starter-web-2.6.6.jar;C:\Users\Utente-PC\.m2\repository\org\springframework\boot\spring-boot-starter\2.6.6\spring-boot-starter-2.6.6.jar;C:\Users\Utente-PC\.m2\repository\org\springframework\boot\spring-boot-starter-logging\2.6.6\spring-boot-starter-logging-2.6.6.jar;C:\Users\Utente-PC\.m2\repository\ch\qos\logback\logback-classic\1.2.11\logback-classic-1.2.11.jar;C:\Users\Utente-PC\.m2\repository\ch\qos\logback\logback-core\1.2.11\logback-core-1.2.11.jar;C:\Users\Utente-PC\.m2\repository\org\apache\logging\log4j\log4j-to-slf4j\2.17.2\log4j-to-slf4j-2.17.2.jar;C:\Users\Utente-PC\.m2\repository\org\apache\logging\log4j\log4j-api\2.17.2\log4j-api-2.17.2.jar;C:\Users\Utente-PC\.m2\repository\org\slf4j\jul-to-slf4j\1.7.36\jul-to-slf4j-1.7.36.jar;C:\Users\Utente-PC\.m2\repository\jakarta\annotation\jakarta.annotation-api\1.3.5\jakarta.annotation-api-1.3.5.jar;C:\Users\Utente-PC\.m2\repository\org\yaml\snakeyaml\1.29\snakeyaml-1.29.jar;C:\Users\Utente-PC\.m2\repository\org\springframework\boot\spring-boot-starter-json\2.6.6\spring-boot-starter-json-2.6.6.jar;C:\Users\Utente-PC\.m2\repository\com\fasterxml\jackson\core\jackson-databind\2.13.2.2\jackson-databind-2.13.2.2.jar;C:\Users\Utente-PC\.m2\repository\com\fasterxml\jackson\core\jackson-annotations\2.13.2\jackson-annotations-2.13.2.jar;C:\Users\Utente-PC\.m2\repository\com\fasterxml\jackson\core\jackson-core\2.13.2\jackson-core-2.13.2.jar;C:\Users\Utente-PC\.m2\repository\com\fasterxml\jackson\datatype\jackson-datatype-jdk8\2.13.2\jackson-datatype-jdk8-2.13.2.jar;C:\Users\Utente-PC\.m2\repository\com\fasterxml\jackson\datatype\jackson-datatype-jsr310\2.13.2\jackson-datatype-jsr310-2.13.2.jar;C:\Users\Utente-PC\.m2\repository\com\fasterxml\jackson\module\jackson-module-parameter-names\2.13.2\jackson-module-parameter-names-2.13.2.jar;C:\Users\Utente-PC\.m2\repository\org\springframework\boot\spring-boot-starter-tomcat\2.6.6\spring-boot-starter-tomcat-2.6.6.jar;C:\Users\Utente-PC\.m2\repository\org\apache\tomcat\embed\tomcat-embed-core\9.0.60\tomcat-embed-core-9.0.60.jar;C:\Users\Utente-PC\.m2\repository\org\apache\tomcat\embed\tomcat-embed-el\9.0.60\tomcat-embed-el-9.0.60.jar;C:\Users\Utente-PC\.m2\repository\org\apache\tomcat\embed\tomcat-embed-websocket\9.0.60\tomcat-embed-websocket-9.0.60.jar;C:\Users\Utente-PC\.m2\repository\org\springframework\spring-web\5.3.18\spring-web-5.3.18.jar;C:\Users\Utente-PC\.m2\repository\org\springframework\spring-beans\5.3.18\spring-beans-5.3.18.jar;C:\Users\Utente-PC\.m2\repository\org\springframework\spring-webmvc\5.3.18\spring-webmvc-5.3.18.jar;C:\Users\Utente-PC\.m2\repository\org\springframework\spring-aop\5.3.18\spring-aop-5.3.18.jar;C:\Users\Utente-PC\.m2\repository\org\springframework\spring-context\5.3.18\spring-context-5.3.18.jar;C:\Users\Utente-PC\.m2\repository\org\springframework\spring-expression\5.3.18\spring-expression-5.3.18.jar;C:\Users\Utente-PC\.m2\repository\org\springframework\boot\spring-boot-starter-websocket\2.6.6\spring-boot-starter-websocket-2.6.6.jar;C:\Users\Utente-PC\.m2\repository\org\springframework\spring-messaging\5.3.18\spring-messaging-5.3.18.jar;C:\Users\Utente-PC\.m2\repository\org\springframework\spring-websocket\5.3.18\spring-websocket-5.3.18.jar;C:\Users\Utente-PC\.m2\repository\org\springframework\boot\spring-boot-devtools\2.6.6\spring-boot-devtools-2.6.6.jar;C:\Users\Utente-PC\.m2\repository\org\springframework\boot\spring-boot\2.6.6\spring-boot-2.6.6.jar;C:\Users\Utente-PC\.m2\repository\org\springframework\boot\spring-boot-autoconfigure\2.6.6\spring-boot-autoconfigure-2.6.6.jar;C:\Users\Utente-PC\.m2\repository\org\projectlombok\lombok\1.18.22\lombok-1.18.22.jar;C:\Users\Utente-PC\.m2\repository\org\slf4j\slf4j-api\1.7.36\slf4j-api-1.7.36.jar;C:\Users\Utente-PC\.m2\repository\org\springframework\spring-core\5.3.18\spring-core-5.3.18.jar;C:\Users\Utente-PC\.m2\repository\org\springframework\spring-jcl\5.3.18\spring-jcl-5.3.18.jar
Launcher Type: SUN_STANDARD

[Global flags]
     intx CICompilerCount                          = 2                                         {product} {ergonomic}
     uint ConcGCThreads                            = 1                                         {product} {ergonomic}
     uint G1ConcRefinementThreads                  = 2                                         {product} {ergonomic}
   size_t G1HeapRegionSize                         = 1048576                                   {product} {ergonomic}
    uintx GCDrainStackTargetSize                   = 64                                        {product} {ergonomic}
   size_t InitialHeapSize                          = 100663296                                 {product} {ergonomic}
   size_t MarkStackSize                            = 4194304                                   {product} {ergonomic}
   size_t MaxHeapSize                              = 1583349760                                {product} {ergonomic}
   size_t MaxNewSize                               = 950009856                                 {product} {ergonomic}
   size_t MinHeapDeltaBytes                        = 1048576                                   {product} {ergonomic}
   size_t MinHeapSize                              = 8388608                                   {product} {ergonomic}
    uintx NonNMethodCodeHeapSize                   = 5826188                                {pd product} {ergonomic}
    uintx NonProfiledCodeHeapSize                  = 122916026                              {pd product} {ergonomic}
    uintx ProfiledCodeHeapSize                     = 122916026                              {pd product} {ergonomic}
    uintx ReservedCodeCacheSize                    = 251658240                              {pd product} {ergonomic}
     bool SegmentedCodeCache                       = true                                      {product} {ergonomic}
   size_t SoftMaxHeapSize                          = 1583349760                             {manageable} {ergonomic}
     bool UseCompressedClassPointers               = true                           {product lp64_product} {ergonomic}
     bool UseCompressedOops                        = true                           {product lp64_product} {ergonomic}
     bool UseG1GC                                  = true                                      {product} {ergonomic}
     bool UseLargePagesIndividualAllocation        = false                                  {pd product} {ergonomic}

Logging:
Log output configuration:
 #0: stdout all=warning uptime,level,tags foldmultilines=false
 #1: stderr all=off uptime,level,tags foldmultilines=false

Environment Variables:
PATH=C:\Program Files\Common Files\Oracle\Java\javapath;C:\Program Files (x86)\NVIDIA Corporation\PhysX\Common;C:\Windows\system32;C:\Windows;C:\Windows\System32\Wbem;C:\Windows\System32\WindowsPowerShell\v1.0\;C:\Program Files\nodejs\;C:\Program Files\Git\cmd;C:\Program Files\MySQL\MySQL Shell 8.0\bin\;C:\Users\Utente-PC\AppData\Local\Microsoft\WindowsApps;;C:\Users\Utente-PC\AppData\Local\Programs\Microsoft VS Code\bin;C:\Users\Utente-PC\AppData\Roaming\npm
USERNAME=Utente-PC
OS=Windows_NT
PROCESSOR_IDENTIFIER=Intel64 Family 6 Model 42 Stepping 7, GenuineIntel
TMP=C:\Users\UTENTE~1\AppData\Local\Temp
TEMP=C:\Users\UTENTE~1\AppData\Local\Temp



---------------  S Y S T E M  ---------------

OS:
 Windows 10 , 64 bit Build 19041 (10.0.19041.2788)
OS uptime: 0 days 19:54 hours

CPU: total 2 (initial active 2) (2 cores per cpu, 1 threads per core) family 6 model 42 stepping 7 microcode 0x2f, cx8, cmov, fxsr, mmx, sse, sse2, sse3, ssse3, sse4.1, sse4.2, popcnt, tsc, tscinvbit, clmul, clflush, rdtscp

Memory: 4k page, system-wide physical 6033M (579M free)
TotalPageFile size 6033M (AvailPageFile size 5M)
current process WorkingSet (physical memory assigned to process): 115M, peak: 115M
current process commit charge ("private bytes"): 198M, peak: 198M

vm_info: OpenJDK 64-Bit Server VM (19.0.2+7-44) for windows-amd64 JRE (19.0.2+7-44), built on 2022-11-30T18:02:09Z by "mach5one" with MS VC++ 17.1 (VS2022)

END.
