#
# There is insufficient memory for the Java Runtime Environment to continue.
# Native memory allocation (malloc) failed to allocate 536640 bytes for Chunk::new
# Possible reasons:
#   The system is out of physical RAM or swap space
#   The process is running with CompressedOops enabled, and the Java Heap may be blocking the growth of the native heap
# Possible solutions:
#   Reduce memory load on the system
#   Increase physical memory or swap space
#   Check if swap backing store is full
#   Decrease Java heap size (-Xmx/-Xms)
#   Decrease number of Java threads
#   Decrease Java thread stack sizes (-Xss)
#   Set larger code cache with -XX:ReservedCodeCacheSize=
#   JVM is running with Unscaled Compressed Oops mode in which the Java heap is
#     placed in the first 4GB address space. The Java Heap base address is the
#     maximum limit for the native heap growth. Please use -XX:HeapBaseMinAddress
#     to set the Java Heap base and to place the Java Heap above 4GB virtual address.
# This output file may be truncated or incomplete.
#
#  Out of Memory Error (arena.cpp:184), pid=5580, tid=6524
#
# JRE version: OpenJDK Runtime Environment (19.0.2+7) (build 19.0.2+7-44)
# Java VM: OpenJDK 64-Bit Server VM (19.0.2+7-44, mixed mode, sharing, tiered, compressed oops, compressed class ptrs, g1 gc, windows-amd64)
# No core dump will be written. Minidumps are not enabled by default on client versions of Windows
#

---------------  S U M M A R Y ------------

Command Line: -javaagent:C:\Program Files\JetBrains\IntelliJ IDEA Community Edition 2022.2.1\lib\idea_rt.jar=60131:C:\Program Files\JetBrains\IntelliJ IDEA Community Edition 2022.2.1\bin -Dfile.encoding=UTF-8 -Dsun.stdout.encoding=UTF-8 -Dsun.stderr.encoding=UTF-8 co.develhope.websocket1.Websocket1Application

Host: Intel(R) Celeron(R) CPU B830 @ 1.80GHz, 2 cores, 5G,  Windows 10 , 64 bit Build 19041 (10.0.19041.2788)
Time: Sat May 13 14:26:03 2023 ora legale Europa occidentale elapsed time: 4.513749 seconds (0d 0h 0m 4s)

---------------  T H R E A D  ---------------

Current thread (0x000001fb64669230):  JavaThread "C2 CompilerThread0" daemon [_thread_in_native, id=6524, stack(0x00000028eec00000,0x00000028eed00000)]


Current CompileTask:
C2:   4513 1728       4       sun.util.locale.BaseLocale::getInstance (150 bytes)

Stack: [0x00000028eec00000,0x00000028eed00000]
Native frames: (J=compiled Java code, j=interpreted, Vv=VM code, C=native code)
V  [jvm.dll+0x6ee21a]
V  [jvm.dll+0x85765e]
V  [jvm.dll+0x85904e]
V  [jvm.dll+0x859703]
V  [jvm.dll+0x28298f]
V  [jvm.dll+0xc9adf]
V  [jvm.dll+0xc9e65]
V  [jvm.dll+0x3bca4c]
V  [jvm.dll+0x3860e1]
V  [jvm.dll+0x38555a]
V  [jvm.dll+0x24c3d9]
V  [jvm.dll+0x24b781]
V  [jvm.dll+0x1d6ce1]
V  [jvm.dll+0x25b25a]
V  [jvm.dll+0x2596e8]
V  [jvm.dll+0x807588]
V  [jvm.dll+0x80125a]
V  [jvm.dll+0x6ecf0b]
C  [ucrtbase.dll+0x21bb2]
C  [KERNEL32.DLL+0x17604]
C  [ntdll.dll+0x526a1]


---------------  P R O C E S S  ---------------

Threads class SMR info:
_java_thread_list=0x000001fb694f1440, length=16, elements={
0x000001fb45f22590, 0x000001fb64660790, 0x000001fb64661720, 0x000001fb64662510,
0x000001fb64665f60, 0x000001fb64667ca0, 0x000001fb646685d0, 0x000001fb64669230,
0x000001fb646d4aa0, 0x000001fb646d71d0, 0x000001fb646311c0, 0x000001fb68c37110,
0x000001fb68c37650, 0x000001fb69084570, 0x000001fb690cc3e0, 0x000001fb694eca90
}

Java Threads: ( => current thread )
  0x000001fb45f22590 JavaThread "main" [_thread_blocked, id=1752, stack(0x00000028edf00000,0x00000028ee000000)]
  0x000001fb64660790 JavaThread "Reference Handler" daemon [_thread_blocked, id=1636, stack(0x00000028ee600000,0x00000028ee700000)]
  0x000001fb64661720 JavaThread "Finalizer" daemon [_thread_blocked, id=4448, stack(0x00000028ee700000,0x00000028ee800000)]
  0x000001fb64662510 JavaThread "Signal Dispatcher" daemon [_thread_blocked, id=1216, stack(0x00000028ee800000,0x00000028ee900000)]
  0x000001fb64665f60 JavaThread "Attach Listener" daemon [_thread_blocked, id=7780, stack(0x00000028ee900000,0x00000028eea00000)]
  0x000001fb64667ca0 JavaThread "Service Thread" daemon [_thread_blocked, id=224, stack(0x00000028eea00000,0x00000028eeb00000)]
  0x000001fb646685d0 JavaThread "Monitor Deflation Thread" daemon [_thread_blocked, id=4564, stack(0x00000028eeb00000,0x00000028eec00000)]
=>0x000001fb64669230 JavaThread "C2 CompilerThread0" daemon [_thread_in_native, id=6524, stack(0x00000028eec00000,0x00000028eed00000)]
  0x000001fb646d4aa0 JavaThread "C1 CompilerThread0" daemon [_thread_blocked, id=528, stack(0x00000028eed00000,0x00000028eee00000)]
  0x000001fb646d71d0 JavaThread "Sweeper thread" daemon [_thread_blocked, id=2656, stack(0x00000028eee00000,0x00000028eef00000)]
  0x000001fb646311c0 JavaThread "Common-Cleaner" daemon [_thread_blocked, id=2468, stack(0x00000028eef00000,0x00000028ef000000)]
  0x000001fb68c37110 JavaThread "Monitor Ctrl-Break" daemon [_thread_in_native, id=6648, stack(0x00000028ef000000,0x00000028ef100000)]
  0x000001fb68c37650 JavaThread "Notification Thread" daemon [_thread_blocked, id=1192, stack(0x00000028ef100000,0x00000028ef200000)]
  0x000001fb69084570 JavaThread "Thread-0" [_thread_blocked, id=6388, stack(0x00000028ef400000,0x00000028ef500000)]
  0x000001fb690cc3e0 JavaThread "restartedMain" [_thread_in_vm, id=4732, stack(0x00000028ef500000,0x00000028ef600000)]
  0x000001fb694eca90 JavaThread "background-preinit" [_thread_in_vm, id=1084, stack(0x00000028ef600000,0x00000028ef700000)]

Other Threads:
  0x000001fb646462d0 VMThread "VM Thread" [stack: 0x00000028ee500000,0x00000028ee600000] [id=1376]
  0x000001fb68bbed00 WatcherThread "VM Periodic Task Thread" [stack: 0x00000028ef200000,0x00000028ef300000] [id=5328]
  0x000001fb45f70320 WorkerThread "GC Thread#0" [stack: 0x00000028ee000000,0x00000028ee100000] [id=7792]
  0x000001fb68d1dbe0 WorkerThread "GC Thread#1" [stack: 0x00000028ef300000,0x00000028ef400000] [id=5400]
  0x000001fb45f7de60 ConcurrentGCThread "G1 Main Marker" [stack: 0x00000028ee100000,0x00000028ee200000] [id=7128]
  0x000001fb45f7f950 WorkerThread "G1 Conc#0" [stack: 0x00000028ee200000,0x00000028ee300000] [id=5452]
  0x000001fb45fe04a0 ConcurrentGCThread "G1 Refine#0" [stack: 0x00000028ee300000,0x00000028ee400000] [id=6016]
  0x000001fb45fe1090 ConcurrentGCThread "G1 Service" [stack: 0x00000028ee400000,0x00000028ee500000] [id=6360]

Threads with active compile tasks:
C2 CompilerThread0     4563 1728       4       sun.util.locale.BaseLocale::getInstance (150 bytes)

VM state: not at safepoint (normal execution)

VM Mutex/Monitor currently owned by a thread:  ([mutex/lock_event])
[0x000001fb45d3e440] Metaspace_lock - owner thread: 0x000001fb694eca90

Heap address: 0x00000000a1a00000, size: 1510 MB, Compressed Oops mode: 32-bit

CDS archive(s) mapped at: [0x0000000800000000-0x0000000800c40000-0x0000000800c40000), size 12845056, SharedBaseAddress: 0x0000000800000000, ArchiveRelocationMode: 0.
Compressed class space mapped at: 0x0000000801000000-0x0000000841000000, reserved size: 1073741824
Narrow klass base: 0x0000000800000000, Narrow klass shift: 0, Narrow klass range: 0x100000000

GC Precious Log:
 CardTable entry size: 512
 Card Set container configuration: InlinePtr #cards 5 size 8 Array Of Cards #cards 12 size 40 Howl #buckets 4 coarsen threshold 1843 Howl Bitmap #cards 512 size 80 coarsen threshold 460 Card regions per heap region 1 cards per card region 2048
 CPUs: 2 total, 2 available
 Memory: 6033M
 Large Page Support: Disabled
 NUMA Support: Disabled
 Compressed Oops: Enabled (32-bit)
 Heap Region Size: 1M
 Heap Min Capacity: 8M
 Heap Initial Capacity: 96M
 Heap Max Capacity: 1510M
 Pre-touch: Disabled
 Parallel Workers: 2
 Concurrent Workers: 1
 Concurrent Refinement Workers: 2
 Periodic GC: Disabled

Heap:
 garbage-first heap   total 98304K, used 25589K [0x00000000a1a00000, 0x0000000100000000)
  region size 1024K, 24 young (24576K), 2 survivors (2048K)
 Metaspace       used 11677K, committed 11904K, reserved 1114112K
  class space    used 1336K, committed 1472K, reserved 1048576K

Heap Regions: E=young(eden), S=young(survivor), O=old, HS=humongous(starts), HC=humongous(continues), CS=collection set, F=free, OA=open archive, CA=closed archive, TAMS=top-at-mark-start (previous, next)
|   0|0x00000000a1a00000, 0x00000000a1b00000, 0x00000000a1b00000|100%| O|  |TAMS 0x00000000a1a00000, 0x00000000a1a00000| Untracked 
|   1|0x00000000a1b00000, 0x00000000a1c00000, 0x00000000a1c00000|100%| O|  |TAMS 0x00000000a1b00000, 0x00000000a1b00000| Untracked 
|   2|0x00000000a1c00000, 0x00000000a1d00000, 0x00000000a1d00000|100%| O|  |TAMS 0x00000000a1c00000, 0x00000000a1c00000| Untracked 
|   3|0x00000000a1d00000, 0x00000000a1d4f400, 0x00000000a1e00000| 30%| O|  |TAMS 0x00000000a1d00000, 0x00000000a1d00000| Untracked 
|   4|0x00000000a1e00000, 0x00000000a1e00000, 0x00000000a1f00000|  0%| F|  |TAMS 0x00000000a1e00000, 0x00000000a1e00000| Untracked 
|   5|0x00000000a1f00000, 0x00000000a1f00000, 0x00000000a2000000|  0%| F|  |TAMS 0x00000000a1f00000, 0x00000000a1f00000| Untracked 
|   6|0x00000000a2000000, 0x00000000a2000000, 0x00000000a2100000|  0%| F|  |TAMS 0x00000000a2000000, 0x00000000a2000000| Untracked 
|   7|0x00000000a2100000, 0x00000000a2100000, 0x00000000a2200000|  0%| F|  |TAMS 0x00000000a2100000, 0x00000000a2100000| Untracked 
|   8|0x00000000a2200000, 0x00000000a2200000, 0x00000000a2300000|  0%| F|  |TAMS 0x00000000a2200000, 0x00000000a2200000| Untracked 
|   9|0x00000000a2300000, 0x00000000a2300000, 0x00000000a2400000|  0%| F|  |TAMS 0x00000000a2300000, 0x00000000a2300000| Untracked 
|  10|0x00000000a2400000, 0x00000000a2400000, 0x00000000a2500000|  0%| F|  |TAMS 0x00000000a2400000, 0x00000000a2400000| Untracked 
|  11|0x00000000a2500000, 0x00000000a2500000, 0x00000000a2600000|  0%| F|  |TAMS 0x00000000a2500000, 0x00000000a2500000| Untracked 
|  12|0x00000000a2600000, 0x00000000a2600000, 0x00000000a2700000|  0%| F|  |TAMS 0x00000000a2600000, 0x00000000a2600000| Untracked 
|  13|0x00000000a2700000, 0x00000000a2700000, 0x00000000a2800000|  0%| F|  |TAMS 0x00000000a2700000, 0x00000000a2700000| Untracked 
|  14|0x00000000a2800000, 0x00000000a2800000, 0x00000000a2900000|  0%| F|  |TAMS 0x00000000a2800000, 0x00000000a2800000| Untracked 
|  15|0x00000000a2900000, 0x00000000a2900000, 0x00000000a2a00000|  0%| F|  |TAMS 0x00000000a2900000, 0x00000000a2900000| Untracked 
|  16|0x00000000a2a00000, 0x00000000a2a00000, 0x00000000a2b00000|  0%| F|  |TAMS 0x00000000a2a00000, 0x00000000a2a00000| Untracked 
|  17|0x00000000a2b00000, 0x00000000a2b00000, 0x00000000a2c00000|  0%| F|  |TAMS 0x00000000a2b00000, 0x00000000a2b00000| Untracked 
|  18|0x00000000a2c00000, 0x00000000a2c00000, 0x00000000a2d00000|  0%| F|  |TAMS 0x00000000a2c00000, 0x00000000a2c00000| Untracked 
|  19|0x00000000a2d00000, 0x00000000a2d00000, 0x00000000a2e00000|  0%| F|  |TAMS 0x00000000a2d00000, 0x00000000a2d00000| Untracked 
|  20|0x00000000a2e00000, 0x00000000a2e00000, 0x00000000a2f00000|  0%| F|  |TAMS 0x00000000a2e00000, 0x00000000a2e00000| Untracked 
|  21|0x00000000a2f00000, 0x00000000a2f00000, 0x00000000a3000000|  0%| F|  |TAMS 0x00000000a2f00000, 0x00000000a2f00000| Untracked 
|  22|0x00000000a3000000, 0x00000000a3000000, 0x00000000a3100000|  0%| F|  |TAMS 0x00000000a3000000, 0x00000000a3000000| Untracked 
|  23|0x00000000a3100000, 0x00000000a3100000, 0x00000000a3200000|  0%| F|  |TAMS 0x00000000a3100000, 0x00000000a3100000| Untracked 
|  24|0x00000000a3200000, 0x00000000a3200000, 0x00000000a3300000|  0%| F|  |TAMS 0x00000000a3200000, 0x00000000a3200000| Untracked 
|  25|0x00000000a3300000, 0x00000000a3300000, 0x00000000a3400000|  0%| F|  |TAMS 0x00000000a3300000, 0x00000000a3300000| Untracked 
|  26|0x00000000a3400000, 0x00000000a3400000, 0x00000000a3500000|  0%| F|  |TAMS 0x00000000a3400000, 0x00000000a3400000| Untracked 
|  27|0x00000000a3500000, 0x00000000a3500000, 0x00000000a3600000|  0%| F|  |TAMS 0x00000000a3500000, 0x00000000a3500000| Untracked 
|  28|0x00000000a3600000, 0x00000000a3600000, 0x00000000a3700000|  0%| F|  |TAMS 0x00000000a3600000, 0x00000000a3600000| Untracked 
|  29|0x00000000a3700000, 0x00000000a3700000, 0x00000000a3800000|  0%| F|  |TAMS 0x00000000a3700000, 0x00000000a3700000| Untracked 
|  30|0x00000000a3800000, 0x00000000a3800000, 0x00000000a3900000|  0%| F|  |TAMS 0x00000000a3800000, 0x00000000a3800000| Untracked 
|  31|0x00000000a3900000, 0x00000000a3900000, 0x00000000a3a00000|  0%| F|  |TAMS 0x00000000a3900000, 0x00000000a3900000| Untracked 
|  32|0x00000000a3a00000, 0x00000000a3a00000, 0x00000000a3b00000|  0%| F|  |TAMS 0x00000000a3a00000, 0x00000000a3a00000| Untracked 
|  33|0x00000000a3b00000, 0x00000000a3b00000, 0x00000000a3c00000|  0%| F|  |TAMS 0x00000000a3b00000, 0x00000000a3b00000| Untracked 
|  34|0x00000000a3c00000, 0x00000000a3c00000, 0x00000000a3d00000|  0%| F|  |TAMS 0x00000000a3c00000, 0x00000000a3c00000| Untracked 
|  35|0x00000000a3d00000, 0x00000000a3d00000, 0x00000000a3e00000|  0%| F|  |TAMS 0x00000000a3d00000, 0x00000000a3d00000| Untracked 
|  36|0x00000000a3e00000, 0x00000000a3e00000, 0x00000000a3f00000|  0%| F|  |TAMS 0x00000000a3e00000, 0x00000000a3e00000| Untracked 
|  37|0x00000000a3f00000, 0x00000000a3f00000, 0x00000000a4000000|  0%| F|  |TAMS 0x00000000a3f00000, 0x00000000a3f00000| Untracked 
|  38|0x00000000a4000000, 0x00000000a4000000, 0x00000000a4100000|  0%| F|  |TAMS 0x00000000a4000000, 0x00000000a4000000| Untracked 
|  39|0x00000000a4100000, 0x00000000a4100000, 0x00000000a4200000|  0%| F|  |TAMS 0x00000000a4100000, 0x00000000a4100000| Untracked 
|  40|0x00000000a4200000, 0x00000000a4200000, 0x00000000a4300000|  0%| F|  |TAMS 0x00000000a4200000, 0x00000000a4200000| Untracked 
|  41|0x00000000a4300000, 0x00000000a4300000, 0x00000000a4400000|  0%| F|  |TAMS 0x00000000a4300000, 0x00000000a4300000| Untracked 
|  42|0x00000000a4400000, 0x00000000a4400000, 0x00000000a4500000|  0%| F|  |TAMS 0x00000000a4400000, 0x00000000a4400000| Untracked 
|  43|0x00000000a4500000, 0x00000000a4500000, 0x00000000a4600000|  0%| F|  |TAMS 0x00000000a4500000, 0x00000000a4500000| Untracked 
|  44|0x00000000a4600000, 0x00000000a4600000, 0x00000000a4700000|  0%| F|  |TAMS 0x00000000a4600000, 0x00000000a4600000| Untracked 
|  45|0x00000000a4700000, 0x00000000a4700000, 0x00000000a4800000|  0%| F|  |TAMS 0x00000000a4700000, 0x00000000a4700000| Untracked 
|  46|0x00000000a4800000, 0x00000000a4800000, 0x00000000a4900000|  0%| F|  |TAMS 0x00000000a4800000, 0x00000000a4800000| Untracked 
|  47|0x00000000a4900000, 0x00000000a4900000, 0x00000000a4a00000|  0%| F|  |TAMS 0x00000000a4900000, 0x00000000a4900000| Untracked 
|  48|0x00000000a4a00000, 0x00000000a4a00000, 0x00000000a4b00000|  0%| F|  |TAMS 0x00000000a4a00000, 0x00000000a4a00000| Untracked 
|  49|0x00000000a4b00000, 0x00000000a4b00000, 0x00000000a4c00000|  0%| F|  |TAMS 0x00000000a4b00000, 0x00000000a4b00000| Untracked 
|  50|0x00000000a4c00000, 0x00000000a4c00000, 0x00000000a4d00000|  0%| F|  |TAMS 0x00000000a4c00000, 0x00000000a4c00000| Untracked 
|  51|0x00000000a4d00000, 0x00000000a4d00000, 0x00000000a4e00000|  0%| F|  |TAMS 0x00000000a4d00000, 0x00000000a4d00000| Untracked 
|  52|0x00000000a4e00000, 0x00000000a4e00000, 0x00000000a4f00000|  0%| F|  |TAMS 0x00000000a4e00000, 0x00000000a4e00000| Untracked 
|  53|0x00000000a4f00000, 0x00000000a4f00000, 0x00000000a5000000|  0%| F|  |TAMS 0x00000000a4f00000, 0x00000000a4f00000| Untracked 
|  54|0x00000000a5000000, 0x00000000a5000000, 0x00000000a5100000|  0%| F|  |TAMS 0x00000000a5000000, 0x00000000a5000000| Untracked 
|  55|0x00000000a5100000, 0x00000000a5100000, 0x00000000a5200000|  0%| F|  |TAMS 0x00000000a5100000, 0x00000000a5100000| Untracked 
|  56|0x00000000a5200000, 0x00000000a5200000, 0x00000000a5300000|  0%| F|  |TAMS 0x00000000a5200000, 0x00000000a5200000| Untracked 
|  57|0x00000000a5300000, 0x00000000a5300000, 0x00000000a5400000|  0%| F|  |TAMS 0x00000000a5300000, 0x00000000a5300000| Untracked 
|  58|0x00000000a5400000, 0x00000000a5400000, 0x00000000a5500000|  0%| F|  |TAMS 0x00000000a5400000, 0x00000000a5400000| Untracked 
|  59|0x00000000a5500000, 0x00000000a5500000, 0x00000000a5600000|  0%| F|  |TAMS 0x00000000a5500000, 0x00000000a5500000| Untracked 
|  60|0x00000000a5600000, 0x00000000a5600000, 0x00000000a5700000|  0%| F|  |TAMS 0x00000000a5600000, 0x00000000a5600000| Untracked 
|  61|0x00000000a5700000, 0x00000000a5700000, 0x00000000a5800000|  0%| F|  |TAMS 0x00000000a5700000, 0x00000000a5700000| Untracked 
|  62|0x00000000a5800000, 0x00000000a5800000, 0x00000000a5900000|  0%| F|  |TAMS 0x00000000a5800000, 0x00000000a5800000| Untracked 
|  63|0x00000000a5900000, 0x00000000a5900000, 0x00000000a5a00000|  0%| F|  |TAMS 0x00000000a5900000, 0x00000000a5900000| Untracked 
|  64|0x00000000a5a00000, 0x00000000a5a00000, 0x00000000a5b00000|  0%| F|  |TAMS 0x00000000a5a00000, 0x00000000a5a00000| Untracked 
|  65|0x00000000a5b00000, 0x00000000a5b00000, 0x00000000a5c00000|  0%| F|  |TAMS 0x00000000a5b00000, 0x00000000a5b00000| Untracked 
|  66|0x00000000a5c00000, 0x00000000a5c00000, 0x00000000a5d00000|  0%| F|  |TAMS 0x00000000a5c00000, 0x00000000a5c00000| Untracked 
|  67|0x00000000a5d00000, 0x00000000a5d00000, 0x00000000a5e00000|  0%| F|  |TAMS 0x00000000a5d00000, 0x00000000a5d00000| Untracked 
|  68|0x00000000a5e00000, 0x00000000a5e00000, 0x00000000a5f00000|  0%| F|  |TAMS 0x00000000a5e00000, 0x00000000a5e00000| Untracked 
|  69|0x00000000a5f00000, 0x00000000a5f00000, 0x00000000a6000000|  0%| F|  |TAMS 0x00000000a5f00000, 0x00000000a5f00000| Untracked 
|  70|0x00000000a6000000, 0x00000000a6000000, 0x00000000a6100000|  0%| F|  |TAMS 0x00000000a6000000, 0x00000000a6000000| Untracked 
|  71|0x00000000a6100000, 0x00000000a6100000, 0x00000000a6200000|  0%| F|  |TAMS 0x00000000a6100000, 0x00000000a6100000| Untracked 
|  72|0x00000000a6200000, 0x00000000a6261e38, 0x00000000a6300000| 38%| E|  |TAMS 0x00000000a6200000, 0x00000000a6200000| Complete 
|  73|0x00000000a6300000, 0x00000000a6400000, 0x00000000a6400000|100%| E|CS|TAMS 0x00000000a6300000, 0x00000000a6300000| Complete 
|  74|0x00000000a6400000, 0x00000000a6500000, 0x00000000a6500000|100%| E|CS|TAMS 0x00000000a6400000, 0x00000000a6400000| Complete 
|  75|0x00000000a6500000, 0x00000000a6600000, 0x00000000a6600000|100%| E|CS|TAMS 0x00000000a6500000, 0x00000000a6500000| Complete 
|  76|0x00000000a6600000, 0x00000000a6700000, 0x00000000a6700000|100%| E|CS|TAMS 0x00000000a6600000, 0x00000000a6600000| Complete 
|  77|0x00000000a6700000, 0x00000000a6800000, 0x00000000a6800000|100%| E|CS|TAMS 0x00000000a6700000, 0x00000000a6700000| Complete 
|  78|0x00000000a6800000, 0x00000000a6900000, 0x00000000a6900000|100%| E|CS|TAMS 0x00000000a6800000, 0x00000000a6800000| Complete 
|  79|0x00000000a6900000, 0x00000000a6a00000, 0x00000000a6a00000|100%| E|CS|TAMS 0x00000000a6900000, 0x00000000a6900000| Complete 
|  80|0x00000000a6a00000, 0x00000000a6b00000, 0x00000000a6b00000|100%| E|CS|TAMS 0x00000000a6a00000, 0x00000000a6a00000| Complete 
|  81|0x00000000a6b00000, 0x00000000a6c00000, 0x00000000a6c00000|100%| E|  |TAMS 0x00000000a6b00000, 0x00000000a6b00000| Complete 
|  82|0x00000000a6c00000, 0x00000000a6d00000, 0x00000000a6d00000|100%| E|CS|TAMS 0x00000000a6c00000, 0x00000000a6c00000| Complete 
|  83|0x00000000a6d00000, 0x00000000a6e00000, 0x00000000a6e00000|100%| E|CS|TAMS 0x00000000a6d00000, 0x00000000a6d00000| Complete 
|  84|0x00000000a6e00000, 0x00000000a6f00000, 0x00000000a6f00000|100%| E|CS|TAMS 0x00000000a6e00000, 0x00000000a6e00000| Complete 
|  85|0x00000000a6f00000, 0x00000000a6fae000, 0x00000000a7000000| 67%| S|CS|TAMS 0x00000000a6f00000, 0x00000000a6f00000| Complete 
|  86|0x00000000a7000000, 0x00000000a7100000, 0x00000000a7100000|100%| S|CS|TAMS 0x00000000a7000000, 0x00000000a7000000| Complete 
|  87|0x00000000a7100000, 0x00000000a7200000, 0x00000000a7200000|100%| E|CS|TAMS 0x00000000a7100000, 0x00000000a7100000| Complete 
|  88|0x00000000a7200000, 0x00000000a7300000, 0x00000000a7300000|100%| E|CS|TAMS 0x00000000a7200000, 0x00000000a7200000| Complete 
|  89|0x00000000a7300000, 0x00000000a7400000, 0x00000000a7400000|100%| E|CS|TAMS 0x00000000a7300000, 0x00000000a7300000| Complete 
|  90|0x00000000a7400000, 0x00000000a7500000, 0x00000000a7500000|100%| E|CS|TAMS 0x00000000a7400000, 0x00000000a7400000| Complete 
|  91|0x00000000a7500000, 0x00000000a7600000, 0x00000000a7600000|100%| E|CS|TAMS 0x00000000a7500000, 0x00000000a7500000| Complete 
|  92|0x00000000a7600000, 0x00000000a7700000, 0x00000000a7700000|100%| E|CS|TAMS 0x00000000a7600000, 0x00000000a7600000| Complete 
|  93|0x00000000a7700000, 0x00000000a7800000, 0x00000000a7800000|100%| E|CS|TAMS 0x00000000a7700000, 0x00000000a7700000| Complete 
|  94|0x00000000a7800000, 0x00000000a7900000, 0x00000000a7900000|100%| E|CS|TAMS 0x00000000a7800000, 0x00000000a7800000| Complete 
|  95|0x00000000a7900000, 0x00000000a7a00000, 0x00000000a7a00000|100%| E|CS|TAMS 0x00000000a7900000, 0x00000000a7900000| Complete 

Card table byte_map: [0x000001fb5ed70000,0x000001fb5f070000] _byte_map_base: 0x000001fb5e863000

Marking Bits (Prev, Next): (CMBitMap*) 0x000001fb45f71870, (CMBitMap*) 0x000001fb45f718b0
 Prev Bits: [0x000001fb5f370000, 0x000001fb60b08000)
 Next Bits: [0x000001fb60b10000, 0x000001fb622a8000)

Polling page: 0x000001fb45d00000

Metaspace:

Usage:
  Non-class:     10.10 MB used.
      Class:      1.30 MB used.
       Both:     11.40 MB used.

Virtual space:
  Non-class space:       64.00 MB reserved,      10.19 MB ( 16%) committed,  1 nodes.
      Class space:        1.00 GB reserved,       1.44 MB ( <1%) committed,  1 nodes.
             Both:        1.06 GB reserved,      11.62 MB (  1%) committed. 

Chunk freelists:
   Non-Class:  1.73 MB
       Class:  2.52 MB
        Both:  4.25 MB

MaxMetaspaceSize: unlimited
CompressedClassSpaceSize: 1.00 GB
Initial GC threshold: 21.00 MB
Current GC threshold: 21.00 MB
CDS: on
MetaspaceReclaimPolicy: balanced
 - commit_granule_bytes: 65536.
 - commit_granule_words: 8192.
 - virtual_space_node_default_size: 8388608.
 - enlarge_chunks_in_place: 1.
 - new_chunks_are_fully_committed: 0.
 - uncommit_free_chunks: 1.
 - use_allocation_guard: 0.


Internal statistics:

num_allocs_failed_limit: 0.
num_arena_births: 206.
num_arena_deaths: 0.
num_vsnodes_births: 2.
num_vsnodes_deaths: 0.
num_space_committed: 186.
num_space_uncommitted: 0.
num_chunks_returned_to_freelist: 0.
num_chunks_taken_from_freelist: 552.
num_chunk_merges: 0.
num_chunk_splits: 368.
num_chunks_enlarged: 280.
num_inconsistent_stats: 0.

CodeHeap 'non-profiled nmethods': size=120064Kb used=590Kb max_used=590Kb free=119473Kb
 bounds [0x000001fb57130000, 0x000001fb573a0000, 0x000001fb5e670000]
CodeHeap 'profiled nmethods': size=120000Kb used=3193Kb max_used=3193Kb free=116806Kb
 bounds [0x000001fb4f670000, 0x000001fb4f990000, 0x000001fb56ba0000]
CodeHeap 'non-nmethods': size=5696Kb used=1267Kb max_used=1285Kb free=4428Kb
 bounds [0x000001fb56ba0000, 0x000001fb56e10000, 0x000001fb57130000]
 total_blobs=2241 nmethods=1760 adapters=392
 compilation: enabled
              stopped_count=0, restarted_count=0
 full_count=0

Compilation events (20 events):
Event: 4.491 Thread 0x000001fb646d4aa0 nmethod 1749 0x000001fb4f983590 code [0x000001fb4f983740, 0x000001fb4f9838d8]
Event: 4.491 Thread 0x000001fb646d4aa0 1750       3       java.lang.invoke.LambdaFormEditor::getInCache (165 bytes)
Event: 4.492 Thread 0x000001fb646d4aa0 nmethod 1750 0x000001fb4f983990 code [0x000001fb4f983c20, 0x000001fb4f984b18]
Event: 4.493 Thread 0x000001fb646d4aa0 1751       1       jdk.internal.loader.AbstractClassLoaderValue$Sub::parent (5 bytes)
Event: 4.493 Thread 0x000001fb646d4aa0 nmethod 1751 0x000001fb571c3790 code [0x000001fb571c3920, 0x000001fb571c39d8]
Event: 4.494 Thread 0x000001fb646d4aa0 1752       3       sun.reflect.generics.parser.SignatureParser::parseFieldTypeSignature (6 bytes)
Event: 4.495 Thread 0x000001fb646d4aa0 nmethod 1752 0x000001fb4f984e90 code [0x000001fb4f985040, 0x000001fb4f985188]
Event: 4.498 Thread 0x000001fb646d4aa0 1753       3       java.lang.invoke.DirectMethodHandle::shouldBeInitialized (117 bytes)
Event: 4.499 Thread 0x000001fb646d4aa0 nmethod 1753 0x000001fb4f985210 code [0x000001fb4f985460, 0x000001fb4f985c58]
Event: 4.503 Thread 0x000001fb646d4aa0 1754       3       java.util.LinkedHashMap$LinkedValues::iterator (12 bytes)
Event: 4.503 Thread 0x000001fb646d4aa0 nmethod 1754 0x000001fb4f985e90 code [0x000001fb4f986040, 0x000001fb4f986398]
Event: 4.503 Thread 0x000001fb646d4aa0 1755       3       jdk.internal.reflect.ReflectionFactory::copyMethod (11 bytes)
Event: 4.504 Thread 0x000001fb646d4aa0 nmethod 1755 0x000001fb4f986510 code [0x000001fb4f9866c0, 0x000001fb4f9868a8]
Event: 4.504 Thread 0x000001fb646d4aa0 1756       3       java.lang.reflect.Method::<init> (68 bytes)
Event: 4.504 Thread 0x000001fb646d4aa0 nmethod 1756 0x000001fb4f986a10 code [0x000001fb4f986be0, 0x000001fb4f987178]
Event: 4.505 Thread 0x000001fb646d4aa0 1757       3       java.util.LinkedHashMap$LinkedValueIterator::next (8 bytes)
Event: 4.505 Thread 0x000001fb646d4aa0 nmethod 1757 0x000001fb4f987290 code [0x000001fb4f987440, 0x000001fb4f987588]
Event: 4.506 Thread 0x000001fb646d4aa0 1758       3       jdk.internal.org.objectweb.asm.SymbolTable::addConstant (330 bytes)
Event: 4.509 Thread 0x000001fb646d4aa0 nmethod 1758 0x000001fb4f987690 code [0x000001fb4f987c00, 0x000001fb4f98ada8]
Event: 4.509 Thread 0x000001fb646d4aa0 1759       3       jdk.internal.org.objectweb.asm.Frame::merge (395 bytes)

GC Heap History (6 events):
Event: 1.834 GC heap before
{Heap before GC invocations=0 (full 0):
 garbage-first heap   total 98304K, used 5120K [0x00000000a1a00000, 0x0000000100000000)
  region size 1024K, 6 young (6144K), 0 survivors (0K)
 Metaspace       used 2117K, committed 2304K, reserved 1114112K
  class space    used 170K, committed 256K, reserved 1048576K
}
Event: 1.846 GC heap after
{Heap after GC invocations=1 (full 0):
 garbage-first heap   total 98304K, used 3048K [0x00000000a1a00000, 0x0000000100000000)
  region size 1024K, 1 young (1024K), 1 survivors (1024K)
 Metaspace       used 2117K, committed 2304K, reserved 1114112K
  class space    used 170K, committed 256K, reserved 1048576K
}
Event: 2.625 GC heap before
{Heap before GC invocations=1 (full 0):
 garbage-first heap   total 98304K, used 7144K [0x00000000a1a00000, 0x0000000100000000)
  region size 1024K, 5 young (5120K), 1 survivors (1024K)
 Metaspace       used 3194K, committed 3328K, reserved 1114112K
  class space    used 290K, committed 384K, reserved 1048576K
}
Event: 2.631 GC heap after
{Heap after GC invocations=2 (full 0):
 garbage-first heap   total 98304K, used 4413K [0x00000000a1a00000, 0x0000000100000000)
  region size 1024K, 1 young (1024K), 1 survivors (1024K)
 Metaspace       used 3194K, committed 3328K, reserved 1114112K
  class space    used 290K, committed 384K, reserved 1048576K
}
Event: 3.259 GC heap before
{Heap before GC invocations=2 (full 0):
 garbage-first heap   total 98304K, used 12605K [0x00000000a1a00000, 0x0000000100000000)
  region size 1024K, 9 young (9216K), 1 survivors (1024K)
 Metaspace       used 5729K, committed 5952K, reserved 1114112K
  class space    used 614K, committed 704K, reserved 1048576K
}
Event: 3.265 GC heap after
{Heap after GC invocations=3 (full 0):
 garbage-first heap   total 98304K, used 5109K [0x00000000a1a00000, 0x0000000100000000)
  region size 1024K, 2 young (2048K), 2 survivors (2048K)
 Metaspace       used 5729K, committed 5952K, reserved 1114112K
  class space    used 614K, committed 704K, reserved 1048576K
}

Dll operation events (13 events):
Event: 0.361 Loaded shared library C:\Users\Utente-PC\.jdks\openjdk-19.0.2\bin\java.dll
Event: 0.379 Loaded shared library C:\Users\Utente-PC\.jdks\openjdk-19.0.2\bin\jsvml.dll
Event: 0.715 Loaded shared library C:\Users\Utente-PC\.jdks\openjdk-19.0.2\bin\zip.dll
Event: 0.720 Loaded shared library C:\Users\Utente-PC\.jdks\openjdk-19.0.2\bin\instrument.dll
Event: 0.731 Loaded shared library C:\Users\Utente-PC\.jdks\openjdk-19.0.2\bin\net.dll
Event: 0.734 Loaded shared library C:\Users\Utente-PC\.jdks\openjdk-19.0.2\bin\nio.dll
Event: 0.739 Loaded shared library C:\Users\Utente-PC\.jdks\openjdk-19.0.2\bin\zip.dll
Event: 1.021 Loaded shared library C:\Program Files\JetBrains\IntelliJ IDEA Community Edition 2022.2.1\bin\breakgen64.dll
Event: 1.056 Loaded shared library C:\Users\Utente-PC\.jdks\openjdk-19.0.2\bin\extnet.dll
Event: 1.505 Loaded shared library C:\Users\Utente-PC\.jdks\openjdk-19.0.2\bin\verify.dll
Event: 1.537 Loaded shared library C:\Users\Utente-PC\.jdks\openjdk-19.0.2\bin\jimage.dll
Event: 2.974 Loaded shared library C:\Users\Utente-PC\.jdks\openjdk-19.0.2\bin\management.dll
Event: 2.979 Loaded shared library C:\Users\Utente-PC\.jdks\openjdk-19.0.2\bin\management_ext.dll

Deoptimization events (20 events):
Event: 3.678 Thread 0x000001fb690cc3e0 Uncommon trap: trap_request=0xffffff45 fr.pc=0x000001fb571668e8 relative=0x0000000000000248
Event: 3.678 Thread 0x000001fb690cc3e0 Uncommon trap: reason=unstable_if action=reinterpret pc=0x000001fb571668e8 method=java.lang.String.startsWith(Ljava/lang/String;I)Z @ 1 c2
Event: 3.678 Thread 0x000001fb690cc3e0 DEOPT PACKING pc=0x000001fb571668e8 sp=0x00000028ef5fe0e0
Event: 3.678 Thread 0x000001fb690cc3e0 DEOPT UNPACKING pc=0x000001fb56c06d9d sp=0x00000028ef5fe048 mode 2
Event: 3.780 Thread 0x000001fb690cc3e0 Uncommon trap: trap_request=0xffffffc6 fr.pc=0x000001fb57186968 relative=0x0000000000000308
Event: 3.780 Thread 0x000001fb690cc3e0 Uncommon trap: reason=bimorphic_or_optimized_type_check action=maybe_recompile pc=0x000001fb57186968 method=java.util.HashMap.getNode(Ljava/lang/Object;)Ljava/util/HashMap$Node; @ 63 c2
Event: 3.780 Thread 0x000001fb690cc3e0 DEOPT PACKING pc=0x000001fb57186968 sp=0x00000028ef5fe4c0
Event: 3.780 Thread 0x000001fb690cc3e0 DEOPT UNPACKING pc=0x000001fb56c06d9d sp=0x00000028ef5fe438 mode 2
Event: 3.780 Thread 0x000001fb690cc3e0 Uncommon trap: trap_request=0xffffffc6 fr.pc=0x000001fb57186968 relative=0x0000000000000308
Event: 3.780 Thread 0x000001fb690cc3e0 Uncommon trap: reason=bimorphic_or_optimized_type_check action=maybe_recompile pc=0x000001fb57186968 method=java.util.HashMap.getNode(Ljava/lang/Object;)Ljava/util/HashMap$Node; @ 63 c2
Event: 3.780 Thread 0x000001fb690cc3e0 DEOPT PACKING pc=0x000001fb57186968 sp=0x00000028ef5fe4c0
Event: 3.780 Thread 0x000001fb690cc3e0 DEOPT UNPACKING pc=0x000001fb56c06d9d sp=0x00000028ef5fe438 mode 2
Event: 3.791 Thread 0x000001fb690cc3e0 Uncommon trap: trap_request=0xffffffc6 fr.pc=0x000001fb57186968 relative=0x0000000000000308
Event: 3.791 Thread 0x000001fb690cc3e0 Uncommon trap: reason=bimorphic_or_optimized_type_check action=maybe_recompile pc=0x000001fb57186968 method=java.util.HashMap.getNode(Ljava/lang/Object;)Ljava/util/HashMap$Node; @ 63 c2
Event: 3.791 Thread 0x000001fb690cc3e0 DEOPT PACKING pc=0x000001fb57186968 sp=0x00000028ef5fe4c0
Event: 3.791 Thread 0x000001fb690cc3e0 DEOPT UNPACKING pc=0x000001fb56c06d9d sp=0x00000028ef5fe438 mode 2
Event: 4.454 Thread 0x000001fb694eca90 Uncommon trap: trap_request=0xffffff45 fr.pc=0x000001fb5718f2e8 relative=0x0000000000000048
Event: 4.454 Thread 0x000001fb694eca90 Uncommon trap: reason=unstable_if action=reinterpret pc=0x000001fb5718f2e8 method=java.lang.CharacterData.of(I)Ljava/lang/CharacterData; @ 4 c2
Event: 4.454 Thread 0x000001fb694eca90 DEOPT PACKING pc=0x000001fb5718f2e8 sp=0x00000028ef6fd160
Event: 4.454 Thread 0x000001fb694eca90 DEOPT UNPACKING pc=0x000001fb56c06d9d sp=0x00000028ef6fd0f8 mode 2

Classes loaded (20 events):
Event: 4.388 Loading class org/xml/sax/ErrorHandler
Event: 4.388 Loading class org/xml/sax/ErrorHandler done
Event: 4.388 Loading class org/xml/sax/SAXParseException
Event: 4.390 Loading class org/xml/sax/SAXParseException done
Event: 4.395 Loading class jdk/internal/reflect/MethodHandleIntegerFieldAccessorImpl
Event: 4.395 Loading class jdk/internal/reflect/MethodHandleIntegerFieldAccessorImpl done
Event: 4.407 Loading class java/io/CharConversionException
Event: 4.407 Loading class java/io/CharConversionException done
Event: 4.418 Loading class java/beans/Transient
Event: 4.418 Loading class java/beans/Transient done
Event: 4.418 Loading class java/beans/ConstructorProperties
Event: 4.419 Loading class java/beans/ConstructorProperties done
Event: 4.451 Loading class sun/text/resources/cldr/FormatData_en
Event: 4.452 Loading class sun/text/resources/cldr/FormatData_en done
Event: 4.453 Loading class sun/text/resources/cldr/FormatData_en_US
Event: 4.453 Loading class sun/text/resources/cldr/FormatData_en_US done
Event: 4.463 Loading class java/io/CharArrayReader
Event: 4.463 Loading class java/io/CharArrayReader done
Event: 4.500 Loading class java/lang/annotation/Repeatable
Event: 4.500 Loading class java/lang/annotation/Repeatable done

Classes unloaded (0 events):
No events

Classes redefined (0 events):
No events

Internal exceptions (20 events):
Event: 3.479 Thread 0x000001fb690cc3e0 Exception <a 'java/lang/NoSuchMethodError'{0x00000000a760a480}: 'int java.lang.invoke.DirectMethodHandle$Holder.invokeSpecial(java.lang.Object, java.lang.Object, java.lang.Object, java.lang.Object)'> (0x00000000a760a480) 
thrown [s\open\src\hotspot\share\interpreter\linkResolver.cpp, line 774]
Event: 3.545 Thread 0x000001fb690cc3e0 Exception <a 'java/lang/NoSuchMethodError'{0x00000000a7585730}: 'java.lang.Object java.lang.invoke.DirectMethodHandle$Holder.newInvokeSpecial(java.lang.Object, java.lang.Object, java.lang.Object, java.lang.Object, java.lang.Object, java.lang.Object)'> (0x00000000a7585730) 
thrown [s\open\src\hotspot\share\interpreter\linkResolver.cpp, line 774]
Event: 3.583 Thread 0x000001fb690cc3e0 Exception <a 'java/lang/NoSuchMethodError'{0x00000000a742f460}: 'java.lang.Object java.lang.invoke.DirectMethodHandle$Holder.invokeSpecial(java.lang.Object, java.lang.Object, java.lang.Object, java.lang.Object, java.lang.Object, java.lang.Object, int)'> (0x00000000a742f460) 
thrown [s\open\src\hotspot\share\interpreter\linkResolver.cpp, line 774]
Event: 3.585 Thread 0x000001fb690cc3e0 Exception <a 'java/lang/NoSuchMethodError'{0x00000000a7439dc8}: 'java.lang.Object java.lang.invoke.DirectMethodHandle$Holder.newInvokeSpecial(java.lang.Object, java.lang.Object, java.lang.Object, java.lang.Object, java.lang.Object, java.lang.Object, int)'> (0x00000000a7439dc8) 
thrown [s\open\src\hotspot\share\interpreter\linkResolver.cpp, line 774]
Event: 3.586 Thread 0x000001fb690cc3e0 Exception <a 'java/lang/NoSuchMethodError'{0x00000000a743f090}: 'java.lang.Object java.lang.invoke.DirectMethodHandle$Holder.invokeSpecial(java.lang.Object, java.lang.Object, java.lang.Object, java.lang.Object, java.lang.Object, java.lang.Object, java.lang.Object, int)'> (0x00000000a743f090) 
thrown [s\open\src\hotspot\share\interpreter\linkResolver.cpp, line 774]
Event: 3.685 Thread 0x000001fb690cc3e0 Exception <a 'java/lang/NoSuchMethodError'{0x00000000a73c9e58}: 'java.lang.Object java.lang.invoke.DirectMethodHandle$Holder.invokeSpecial(java.lang.Object, java.lang.Object, java.lang.Object, int, java.lang.Object)'> (0x00000000a73c9e58) 
thrown [s\open\src\hotspot\share\interpreter\linkResolver.cpp, line 774]
Event: 3.689 Thread 0x000001fb690cc3e0 Exception <a 'java/lang/NoSuchMethodError'{0x00000000a73d2708}: 'java.lang.Object java.lang.invoke.DirectMethodHandle$Holder.newInvokeSpecial(java.lang.Object, java.lang.Object, java.lang.Object, int, java.lang.Object)'> (0x00000000a73d2708) 
thrown [s\open\src\hotspot\share\interpreter\linkResolver.cpp, line 774]
Event: 3.692 Thread 0x000001fb690cc3e0 Exception <a 'java/lang/NoSuchMethodError'{0x00000000a73da0f8}: 'java.lang.Object java.lang.invoke.Invokers$Holder.linkToTargetMethod(java.lang.Object, java.lang.Object, int, java.lang.Object, java.lang.Object)'> (0x00000000a73da0f8) 
thrown [s\open\src\hotspot\share\interpreter\linkResolver.cpp, line 774]
Event: 3.699 Thread 0x000001fb690cc3e0 Exception <a 'java/lang/NoSuchMethodError'{0x00000000a73ef208}: 'java.lang.Object java.lang.invoke.DirectMethodHandle$Holder.newInvokeSpecial(java.lang.Object, int, java.lang.Object)'> (0x00000000a73ef208) 
thrown [s\open\src\hotspot\share\interpreter\linkResolver.cpp, line 774]
Event: 3.702 Thread 0x000001fb690cc3e0 Exception <a 'java/lang/NoSuchMethodError'{0x00000000a73f4148}: 'int java.lang.invoke.DirectMethodHandle$Holder.invokeSpecialIFC(java.lang.Object, java.lang.Object, java.lang.Object, java.lang.Object)'> (0x00000000a73f4148) 
thrown [s\open\src\hotspot\share\interpreter\linkResolver.cpp, line 774]
Event: 3.759 Thread 0x000001fb690cc3e0 Exception <a 'java/lang/NoSuchMethodError'{0x00000000a72a4e90}: 'java.lang.Object java.lang.invoke.DirectMethodHandle$Holder.invokeInterface(java.lang.Object, java.lang.Object)'> (0x00000000a72a4e90) 
thrown [s\open\src\hotspot\share\interpreter\linkResolver.cpp, line 774]
Event: 3.766 Thread 0x000001fb690cc3e0 Exception <a 'java/lang/NoSuchMethodError'{0x00000000a72b5488}: 'void java.lang.invoke.DirectMethodHandle$Holder.invokeInterface(java.lang.Object, java.lang.Object, java.lang.Object)'> (0x00000000a72b5488) 
thrown [s\open\src\hotspot\share\interpreter\linkResolver.cpp, line 774]
Event: 3.820 Thread 0x000001fb690cc3e0 Exception <a 'java/lang/NoSuchMethodError'{0x00000000a713f1f8}: 'void java.lang.invoke.DirectMethodHandle$Holder.invokeStaticInit(java.lang.Object, java.lang.Object)'> (0x00000000a713f1f8) 
thrown [s\open\src\hotspot\share\interpreter\linkResolver.cpp, line 774]
Event: 3.824 Thread 0x000001fb690cc3e0 Exception <a 'java/lang/NoSuchMethodError'{0x00000000a714b9b8}: 'void java.lang.invoke.DirectMethodHandle$Holder.invokeStaticInit(java.lang.Object, java.lang.Object, java.lang.Object)'> (0x00000000a714b9b8) 
thrown [s\open\src\hotspot\share\interpreter\linkResolver.cpp, line 774]
Event: 3.902 Thread 0x000001fb690cc3e0 Exception <a 'java/lang/NoSuchMethodError'{0x00000000a71d5e10}: 'void java.lang.invoke.DirectMethodHandle$Holder.invokeVirtual(java.lang.Object, java.lang.Object, java.lang.Object, java.lang.Object)'> (0x00000000a71d5e10) 
thrown [s\open\src\hotspot\share\interpreter\linkResolver.cpp, line 774]
Event: 3.979 Thread 0x000001fb690cc3e0 Exception <a 'java/lang/NoSuchMethodError'{0x00000000a6ee5450}: 'void java.lang.invoke.DirectMethodHandle$Holder.invokeSpecial(java.lang.Object, java.lang.Object, java.lang.Object, java.lang.Object, java.lang.Object)'> (0x00000000a6ee5450) 
thrown [s\open\src\hotspot\share\interpreter\linkResolver.cpp, line 774]
Event: 4.005 Thread 0x000001fb694eca90 Exception <a 'java/lang/NoClassDefFoundError'{0x00000000a6d20588}: javax/validation/Validation> (0x00000000a6d20588) 
thrown [s\open\src\hotspot\share\classfile\systemDictionary.cpp, line 244]
Event: 4.128 Thread 0x000001fb694eca90 Exception <a 'java/lang/NoSuchMethodError'{0x00000000a6c90a58}: 'java.lang.Object java.lang.invoke.DirectMethodHandle$Holder.invokeStaticInit(java.lang.Object, java.lang.Object, java.lang.Object)'> (0x00000000a6c90a58) 
thrown [s\open\src\hotspot\share\interpreter\linkResolver.cpp, line 774]
Event: 4.139 Thread 0x000001fb694eca90 Exception <a 'java/lang/NoSuchMethodError'{0x00000000a6bc93b0}: 'java.lang.Object java.lang.invoke.DirectMethodHandle$Holder.invokeStaticInit(java.lang.Object, java.lang.Object, java.lang.Object, java.lang.Object, java.lang.Object)'> (0x00000000a6bc93b0) 
thrown [s\open\src\hotspot\share\interpreter\linkResolver.cpp, line 774]
Event: 4.396 Thread 0x000001fb690cc3e0 Exception <a 'java/lang/NoSuchMethodError'{0x00000000a6535648}: 'int java.lang.invoke.Invokers$Holder.invokeExact_MT(java.lang.Object, java.lang.Object)'> (0x00000000a6535648) 
thrown [s\open\src\hotspot\share\interpreter\linkResolver.cpp, line 774]

VM Operations (20 events):
Event: 2.865 Executing VM operation: HandshakeAllThreads
Event: 2.865 Executing VM operation: HandshakeAllThreads done
Event: 2.865 Executing VM operation: HandshakeAllThreads
Event: 2.865 Executing VM operation: HandshakeAllThreads done
Event: 3.060 Executing VM operation: HandshakeAllThreads
Event: 3.060 Executing VM operation: HandshakeAllThreads done
Event: 3.211 Executing VM operation: HandshakeAllThreads
Event: 3.211 Executing VM operation: HandshakeAllThreads done
Event: 3.259 Executing VM operation: G1CollectForAllocation
Event: 3.266 Executing VM operation: G1CollectForAllocation done
Event: 3.675 Executing VM operation: HandshakeAllThreads
Event: 3.675 Executing VM operation: HandshakeAllThreads done
Event: 3.752 Executing VM operation: HandshakeAllThreads
Event: 3.752 Executing VM operation: HandshakeAllThreads done
Event: 4.022 Executing VM operation: HandshakeAllThreads
Event: 4.030 Executing VM operation: HandshakeAllThreads done
Event: 4.030 Executing VM operation: HandshakeAllThreads
Event: 4.030 Executing VM operation: HandshakeAllThreads done
Event: 4.324 Executing VM operation: ICBufferFull
Event: 4.333 Executing VM operation: ICBufferFull done

Events (16 events):
Event: 0.379 Thread 0x000001fb45f22590 Thread added: 0x000001fb45f22590
Event: 0.407 Thread 0x000001fb64660790 Thread added: 0x000001fb64660790
Event: 0.407 Thread 0x000001fb64661720 Thread added: 0x000001fb64661720
Event: 0.408 Thread 0x000001fb64662510 Thread added: 0x000001fb64662510
Event: 0.408 Thread 0x000001fb64665f60 Thread added: 0x000001fb64665f60
Event: 0.409 Thread 0x000001fb64667ca0 Thread added: 0x000001fb64667ca0
Event: 0.409 Thread 0x000001fb646685d0 Thread added: 0x000001fb646685d0
Event: 0.409 Thread 0x000001fb64669230 Thread added: 0x000001fb64669230
Event: 0.425 Thread 0x000001fb646d4aa0 Thread added: 0x000001fb646d4aa0
Event: 0.425 Thread 0x000001fb646d71d0 Thread added: 0x000001fb646d71d0
Event: 0.652 Thread 0x000001fb646311c0 Thread added: 0x000001fb646311c0
Event: 1.022 Thread 0x000001fb68c37110 Thread added: 0x000001fb68c37110
Event: 1.022 Thread 0x000001fb68c37650 Thread added: 0x000001fb68c37650
Event: 3.049 Thread 0x000001fb69084570 Thread added: 0x000001fb69084570
Event: 3.064 Thread 0x000001fb690cc3e0 Thread added: 0x000001fb690cc3e0
Event: 3.986 Thread 0x000001fb694eca90 Thread added: 0x000001fb694eca90


Dynamic libraries:
0x00007ff642160000 - 0x00007ff64216e000 	C:\Users\Utente-PC\.jdks\openjdk-19.0.2\bin\java.exe
0x00007ffad0570000 - 0x00007ffad0768000 	C:\Windows\SYSTEM32\ntdll.dll
0x00007fface9e0000 - 0x00007ffacea9f000 	C:\Windows\System32\KERNEL32.DLL
0x00007ffacdcf0000 - 0x00007ffacdfca000 	C:\Windows\System32\KERNELBASE.dll
0x00007fface420000 - 0x00007fface520000 	C:\Windows\System32\ucrtbase.dll
0x00007ffabdee0000 - 0x00007ffabdef7000 	C:\Users\Utente-PC\.jdks\openjdk-19.0.2\bin\jli.dll
0x00007ffad0020000 - 0x00007ffad01bd000 	C:\Windows\System32\USER32.dll
0x00007fface3a0000 - 0x00007fface3c2000 	C:\Windows\System32\win32u.dll
0x00007ffacf4e0000 - 0x00007ffacf50b000 	C:\Windows\System32\GDI32.dll
0x00007fface160000 - 0x00007fface270000 	C:\Windows\System32\gdi32full.dll
0x00007fface300000 - 0x00007fface39d000 	C:\Windows\System32\msvcp_win.dll
0x00007ffabdec0000 - 0x00007ffabdedb000 	C:\Users\Utente-PC\.jdks\openjdk-19.0.2\bin\VCRUNTIME140.dll
0x00007ffabada0000 - 0x00007ffabb03a000 	C:\Windows\WinSxS\amd64_microsoft.windows.common-controls_6595b64144ccf1df_6.0.19041.1110_none_60b5254171f9507e\COMCTL32.dll
0x00007ffad0300000 - 0x00007ffad039e000 	C:\Windows\System32\msvcrt.dll
0x00007ffacf570000 - 0x00007ffacf5a0000 	C:\Windows\System32\IMM32.DLL
0x00007ffac7c00000 - 0x00007ffac7c0c000 	C:\Users\Utente-PC\.jdks\openjdk-19.0.2\bin\vcruntime140_1.dll
0x00007ffab7fe0000 - 0x00007ffab806e000 	C:\Users\Utente-PC\.jdks\openjdk-19.0.2\bin\msvcp140.dll
0x00007ffa98b00000 - 0x00007ffa997c0000 	C:\Users\Utente-PC\.jdks\openjdk-19.0.2\bin\server\jvm.dll
0x00007ffad03a0000 - 0x00007ffad044e000 	C:\Windows\System32\ADVAPI32.dll
0x00007ffacf5a0000 - 0x00007ffacf63c000 	C:\Windows\System32\sechost.dll
0x00007ffacfee0000 - 0x00007ffad0006000 	C:\Windows\System32\RPCRT4.dll
0x00007ffac9100000 - 0x00007ffac9109000 	C:\Windows\SYSTEM32\WSOCK32.dll
0x00007ffacf950000 - 0x00007ffacf9bb000 	C:\Windows\System32\WS2_32.dll
0x00007ffabeb20000 - 0x00007ffabeb47000 	C:\Windows\SYSTEM32\WINMM.dll
0x00007ffabed90000 - 0x00007ffabed9a000 	C:\Windows\SYSTEM32\VERSION.dll
0x00007ffacc4d0000 - 0x00007ffacc4e2000 	C:\Windows\SYSTEM32\kernel.appcore.dll
0x00007ffabdbc0000 - 0x00007ffabdbca000 	C:\Users\Utente-PC\.jdks\openjdk-19.0.2\bin\jimage.dll
0x00007ffabcf40000 - 0x00007ffabd124000 	C:\Windows\SYSTEM32\DBGHELP.DLL
0x00007ffabc320000 - 0x00007ffabc354000 	C:\Windows\SYSTEM32\dbgcore.DLL
0x00007fface270000 - 0x00007fface2f2000 	C:\Windows\System32\bcryptPrimitives.dll
0x00007ffac95e0000 - 0x00007ffac95ee000 	C:\Users\Utente-PC\.jdks\openjdk-19.0.2\bin\instrument.dll
0x00007ffab8f90000 - 0x00007ffab8fb6000 	C:\Users\Utente-PC\.jdks\openjdk-19.0.2\bin\java.dll
0x00007ffaae270000 - 0x00007ffaae347000 	C:\Users\Utente-PC\.jdks\openjdk-19.0.2\bin\jsvml.dll
0x00007ffaced90000 - 0x00007ffacf4d4000 	C:\Windows\System32\SHELL32.dll
0x00007ffacbcf0000 - 0x00007ffacc483000 	C:\Windows\SYSTEM32\windows.storage.dll
0x00007fface670000 - 0x00007fface9c4000 	C:\Windows\System32\combase.dll
0x00007ffacd600000 - 0x00007ffacd62e000 	C:\Windows\SYSTEM32\Wldp.dll
0x00007ffacf9c0000 - 0x00007ffacfa6d000 	C:\Windows\System32\SHCORE.dll
0x00007ffaced30000 - 0x00007ffaced85000 	C:\Windows\System32\shlwapi.dll
0x00007ffacdbc0000 - 0x00007ffacdbdf000 	C:\Windows\SYSTEM32\profapi.dll
0x00007ffab7e50000 - 0x00007ffab7e68000 	C:\Users\Utente-PC\.jdks\openjdk-19.0.2\bin\zip.dll
0x00007ffabb6d0000 - 0x00007ffabb6e3000 	C:\Users\Utente-PC\.jdks\openjdk-19.0.2\bin\net.dll
0x00007ffac4af0000 - 0x00007ffac4bfa000 	C:\Windows\SYSTEM32\WINHTTP.dll
0x00007ffacd360000 - 0x00007ffacd3ca000 	C:\Windows\system32\mswsock.dll
0x00007ffab87e0000 - 0x00007ffab87f6000 	C:\Users\Utente-PC\.jdks\openjdk-19.0.2\bin\nio.dll
0x00007ffac7c10000 - 0x00007ffac7c2a000 	C:\Program Files\JetBrains\IntelliJ IDEA Community Edition 2022.2.1\bin\breakgen64.dll
0x00007ffabd230000 - 0x00007ffabd238000 	C:\Users\Utente-PC\.jdks\openjdk-19.0.2\bin\extnet.dll
0x00007ffabd200000 - 0x00007ffabd210000 	C:\Users\Utente-PC\.jdks\openjdk-19.0.2\bin\verify.dll
0x00007ffac6ae0000 - 0x00007ffac6aea000 	C:\Users\Utente-PC\.jdks\openjdk-19.0.2\bin\management.dll
0x00007ffac6990000 - 0x00007ffac699b000 	C:\Users\Utente-PC\.jdks\openjdk-19.0.2\bin\management_ext.dll
0x00007ffad0010000 - 0x00007ffad0018000 	C:\Windows\System32\PSAPI.DLL
0x00007ffabcdc0000 - 0x00007ffabcdd7000 	C:\Windows\system32\napinsp.dll
0x00007ffabcda0000 - 0x00007ffabcdbb000 	C:\Windows\system32\pnrpnsp.dll
0x00007ffac31a0000 - 0x00007ffac31b5000 	C:\Windows\system32\wshbth.dll
0x00007ffac95b0000 - 0x00007ffac95cd000 	C:\Windows\system32\NLAapi.dll
0x00007ffacd050000 - 0x00007ffacd08c000 	C:\Windows\SYSTEM32\IPHLPAPI.DLL
0x00007ffacd090000 - 0x00007ffacd15b000 	C:\Windows\SYSTEM32\DNSAPI.dll
0x00007fface9d0000 - 0x00007fface9d8000 	C:\Windows\System32\NSI.dll
0x00007ffabcd80000 - 0x00007ffabcd92000 	C:\Windows\System32\winrnr.dll
0x00007ffac1fe0000 - 0x00007ffac1fea000 	C:\Windows\System32\rasadhlp.dll
0x00007ffac3cf0000 - 0x00007ffac3d70000 	C:\Windows\System32\fwpuclnt.dll
0x00007fface130000 - 0x00007fface157000 	C:\Windows\System32\bcrypt.dll

dbghelp: loaded successfully - version: 4.0.5 - missing functions: none
symbol engine: initialized successfully - sym options: 0x614 - pdb path: .;C:\Users\Utente-PC\.jdks\openjdk-19.0.2\bin;C:\Windows\SYSTEM32;C:\Windows\WinSxS\amd64_microsoft.windows.common-controls_6595b64144ccf1df_6.0.19041.1110_none_60b5254171f9507e;C:\Users\Utente-PC\.jdks\openjdk-19.0.2\bin\server;C:\Program Files\JetBrains\IntelliJ IDEA Community Edition 2022.2.1\bin

VM Arguments:
jvm_args: -javaagent:C:\Program Files\JetBrains\IntelliJ IDEA Community Edition 2022.2.1\lib\idea_rt.jar=60131:C:\Program Files\JetBrains\IntelliJ IDEA Community Edition 2022.2.1\bin -Dfile.encoding=UTF-8 -Dsun.stdout.encoding=UTF-8 -Dsun.stderr.encoding=UTF-8 
java_command: co.develhope.websocket1.Websocket1Application
java_class_path (initial): C:\Users\Utente-PC\Documents\Develhope\websocket-1\websocket-1\target\classes;C:\Users\Utente-PC\.m2\repository\org\springframework\boot\spring-boot-starter-web\2.6.6\spring-boot-starter-web-2.6.6.jar;C:\Users\Utente-PC\.m2\repository\org\springframework\boot\spring-boot-starter\2.6.6\spring-boot-starter-2.6.6.jar;C:\Users\Utente-PC\.m2\repository\org\springframework\boot\spring-boot-starter-logging\2.6.6\spring-boot-starter-logging-2.6.6.jar;C:\Users\Utente-PC\.m2\repository\ch\qos\logback\logback-classic\1.2.11\logback-classic-1.2.11.jar;C:\Users\Utente-PC\.m2\repository\ch\qos\logback\logback-core\1.2.11\logback-core-1.2.11.jar;C:\Users\Utente-PC\.m2\repository\org\apache\logging\log4j\log4j-to-slf4j\2.17.2\log4j-to-slf4j-2.17.2.jar;C:\Users\Utente-PC\.m2\repository\org\apache\logging\log4j\log4j-api\2.17.2\log4j-api-2.17.2.jar;C:\Users\Utente-PC\.m2\repository\org\slf4j\jul-to-slf4j\1.7.36\jul-to-slf4j-1.7.36.jar;C:\Users\Utente-PC\.m2\repository\jakarta\annotation\jakarta.annotation-api\1.3.5\jakarta.annotation-api-1.3.5.jar;C:\Users\Utente-PC\.m2\repository\org\yaml\snakeyaml\1.29\snakeyaml-1.29.jar;C:\Users\Utente-PC\.m2\repository\org\springframework\boot\spring-boot-starter-json\2.6.6\spring-boot-starter-json-2.6.6.jar;C:\Users\Utente-PC\.m2\repository\com\fasterxml\jackson\core\jackson-databind\2.13.2.2\jackson-databind-2.13.2.2.jar;C:\Users\Utente-PC\.m2\repository\com\fasterxml\jackson\core\jackson-annotations\2.13.2\jackson-annotations-2.13.2.jar;C:\Users\Utente-PC\.m2\repository\com\fasterxml\jackson\core\jackson-core\2.13.2\jackson-core-2.13.2.jar;C:\Users\Utente-PC\.m2\repository\com\fasterxml\jackson\datatype\jackson-datatype-jdk8\2.13.2\jackson-datatype-jdk8-2.13.2.jar;C:\Users\Utente-PC\.m2\repository\com\fasterxml\jackson\datatype\jackson-datatype-jsr310\2.13.2\jackson-datatype-jsr310-2.13.2.jar;C:\Users\Utente-PC\.m2\repository\com\fasterxml\jackson\module\jackson-module-parameter-names\2.13.2\jackson-module-parameter-names-2.13.2.jar;C:\Users\Utente-PC\.m2\repository\org\springframework\boot\spring-boot-starter-tomcat\2.6.6\spring-boot-starter-tomcat-2.6.6.jar;C:\Users\Utente-PC\.m2\repository\org\apache\tomcat\embed\tomcat-embed-core\9.0.60\tomcat-embed-core-9.0.60.jar;C:\Users\Utente-PC\.m2\repository\org\apache\tomcat\embed\tomcat-embed-el\9.0.60\tomcat-embed-el-9.0.60.jar;C:\Users\Utente-PC\.m2\repository\org\apache\tomcat\embed\tomcat-embed-websocket\9.0.60\tomcat-embed-websocket-9.0.60.jar;C:\Users\Utente-PC\.m2\repository\org\springframework\spring-web\5.3.18\spring-web-5.3.18.jar;C:\Users\Utente-PC\.m2\repository\org\springframework\spring-beans\5.3.18\spring-beans-5.3.18.jar;C:\Users\Utente-PC\.m2\repository\org\springframework\spring-webmvc\5.3.18\spring-webmvc-5.3.18.jar;C:\Users\Utente-PC\.m2\repository\org\springframework\spring-aop\5.3.18\spring-aop-5.3.18.jar;C:\Users\Utente-PC\.m2\repository\org\springframework\spring-context\5.3.18\spring-context-5.3.18.jar;C:\Users\Utente-PC\.m2\repository\org\springframework\spring-expression\5.3.18\spring-expression-5.3.18.jar;C:\Users\Utente-PC\.m2\repository\org\springframework\boot\spring-boot-starter-websocket\2.6.6\spring-boot-starter-websocket-2.6.6.jar;C:\Users\Utente-PC\.m2\repository\org\springframework\spring-messaging\5.3.18\spring-messaging-5.3.18.jar;C:\Users\Utente-PC\.m2\repository\org\springframework\spring-websocket\5.3.18\spring-websocket-5.3.18.jar;C:\Users\Utente-PC\.m2\repository\org\springframework\boot\spring-boot-devtools\2.6.6\spring-boot-devtools-2.6.6.jar;C:\Users\Utente-PC\.m2\repository\org\springframework\boot\spring-boot\2.6.6\spring-boot-2.6.6.jar;C:\Users\Utente-PC\.m2\repository\org\springframework\boot\spring-boot-autoconfigure\2.6.6\spring-boot-autoconfigure-2.6.6.jar;C:\Users\Utente-PC\.m2\repository\org\projectlombok\lombok\1.18.22\lombok-1.18.22.jar;C:\Users\Utente-PC\.m2\repository\org\slf4j\slf4j-api\1.7.36\slf4j-api-1.7.36.jar;C:\Users\Utente-PC\.m2\repository\org\springframework\spring-core\5.3.18\spring-core-5.3.18.jar;C:\Users\Utente-PC\.m2\repository\org\springframework\spring-jcl\5.3.18\spring-jcl-5.3.18.jar
Launcher Type: SUN_STANDARD

[Global flags]
     intx CICompilerCount                          = 2                                         {product} {ergonomic}
     uint ConcGCThreads                            = 1                                         {product} {ergonomic}
     uint G1ConcRefinementThreads                  = 2                                         {product} {ergonomic}
   size_t G1HeapRegionSize                         = 1048576                                   {product} {ergonomic}
    uintx GCDrainStackTargetSize                   = 64                                        {product} {ergonomic}
   size_t InitialHeapSize                          = 100663296                                 {product} {ergonomic}
   size_t MarkStackSize                            = 4194304                                   {product} {ergonomic}
   size_t MaxHeapSize                              = 1583349760                                {product} {ergonomic}
   size_t MaxNewSize                               = 950009856                                 {product} {ergonomic}
   size_t MinHeapDeltaBytes                        = 1048576                                   {product} {ergonomic}
   size_t MinHeapSize                              = 8388608                                   {product} {ergonomic}
    uintx NonNMethodCodeHeapSize                   = 5826188                                {pd product} {ergonomic}
    uintx NonProfiledCodeHeapSize                  = 122916026                              {pd product} {ergonomic}
    uintx ProfiledCodeHeapSize                     = 122916026                              {pd product} {ergonomic}
    uintx ReservedCodeCacheSize                    = 251658240                              {pd product} {ergonomic}
     bool SegmentedCodeCache                       = true                                      {product} {ergonomic}
   size_t SoftMaxHeapSize                          = 1583349760                             {manageable} {ergonomic}
     bool UseCompressedClassPointers               = true                           {product lp64_product} {ergonomic}
     bool UseCompressedOops                        = true                           {product lp64_product} {ergonomic}
     bool UseG1GC                                  = true                                      {product} {ergonomic}
     bool UseLargePagesIndividualAllocation        = false                                  {pd product} {ergonomic}

Logging:
Log output configuration:
 #0: stdout all=warning uptime,level,tags foldmultilines=false
 #1: stderr all=off uptime,level,tags foldmultilines=false

Environment Variables:
PATH=C:\Program Files\Common Files\Oracle\Java\javapath;C:\Program Files (x86)\NVIDIA Corporation\PhysX\Common;C:\Windows\system32;C:\Windows;C:\Windows\System32\Wbem;C:\Windows\System32\WindowsPowerShell\v1.0\;C:\Program Files\nodejs\;C:\Program Files\Git\cmd;C:\Program Files\MySQL\MySQL Shell 8.0\bin\;C:\Users\Utente-PC\AppData\Local\Microsoft\WindowsApps;;C:\Users\Utente-PC\AppData\Local\Programs\Microsoft VS Code\bin;C:\Users\Utente-PC\AppData\Roaming\npm
USERNAME=Utente-PC
OS=Windows_NT
PROCESSOR_IDENTIFIER=Intel64 Family 6 Model 42 Stepping 7, GenuineIntel
TMP=C:\Users\UTENTE~1\AppData\Local\Temp
TEMP=C:\Users\UTENTE~1\AppData\Local\Temp



---------------  S Y S T E M  ---------------

OS:
 Windows 10 , 64 bit Build 19041 (10.0.19041.2788)
OS uptime: 0 days 19:53 hours

CPU: total 2 (initial active 2) (2 cores per cpu, 1 threads per core) family 6 model 42 stepping 7 microcode 0x2f, cx8, cmov, fxsr, mmx, sse, sse2, sse3, ssse3, sse4.1, sse4.2, popcnt, tsc, tscinvbit, clmul, clflush, rdtscp

Memory: 4k page, system-wide physical 6033M (606M free)
TotalPageFile size 6033M (AvailPageFile size 4M)
current process WorkingSet (physical memory assigned to process): 91M, peak: 91M
current process commit charge ("private bytes"): 192M, peak: 192M

vm_info: OpenJDK 64-Bit Server VM (19.0.2+7-44) for windows-amd64 JRE (19.0.2+7-44), built on 2022-11-30T18:02:09Z by "mach5one" with MS VC++ 17.1 (VS2022)

END.
